22/03/15 13:32:36 WARN NativeCodeLoader: Unable to load native-hadoop library for your platform... using builtin-java classes where applicable
22/03/15 13:32:39 INFO SparkContext: Running Spark version 2.4.5
22/03/15 13:32:39 WARN SparkConf: Note that spark.local.dir will be overridden by the value set by the cluster manager (via SPARK_LOCAL_DIRS in mesos/standalone/kubernetes and LOCAL_DIRS in YARN).
22/03/15 13:32:39 INFO SparkContext: Submitted application: sparklyr
22/03/15 13:32:39 INFO SecurityManager: Changing view acls to: Jonny
22/03/15 13:32:39 INFO SecurityManager: Changing modify acls to: Jonny
22/03/15 13:32:39 INFO SecurityManager: Changing view acls groups to: 
22/03/15 13:32:39 INFO SecurityManager: Changing modify acls groups to: 
22/03/15 13:32:39 INFO SecurityManager: SecurityManager: authentication disabled; ui acls disabled; users  with view permissions: Set(Jonny); groups with view permissions: Set(); users  with modify permissions: Set(Jonny); groups with modify permissions: Set()
22/03/15 13:32:40 INFO Utils: Successfully started service 'sparkDriver' on port 49632.
22/03/15 13:32:40 INFO SparkEnv: Registering MapOutputTracker
22/03/15 13:32:40 INFO SparkEnv: Registering BlockManagerMaster
22/03/15 13:32:40 INFO BlockManagerMasterEndpoint: Using org.apache.spark.storage.DefaultTopologyMapper for getting topology information
22/03/15 13:32:40 INFO BlockManagerMasterEndpoint: BlockManagerMasterEndpoint up
22/03/15 13:32:40 INFO DiskBlockManager: Created local directory at C:\Users\Jonny\AppData\Local\spark\spark-2.4.5-bin-hadoop2.7\tmp\local\blockmgr-cc250fb7-0b3f-4480-a5ba-8768805c166d
22/03/15 13:32:40 INFO MemoryStore: MemoryStore started with capacity 912.3 MB
22/03/15 13:32:40 INFO SparkEnv: Registering OutputCommitCoordinator
22/03/15 13:32:40 WARN Utils: The configured local directories are not expected to be URIs; however, got suspicious values [C:/Users/Jonny/AppData/Local/spark/spark-2.4.5-bin-hadoop2.7/tmp/local]. Please check your configured local directories.
22/03/15 13:32:40 INFO Utils: Successfully started service 'SparkUI' on port 4040.
22/03/15 13:32:40 INFO SparkUI: Bound SparkUI to 127.0.0.1, and started at http://127.0.0.1:4040
22/03/15 13:32:40 INFO SparkContext: Added JAR file:/C:/Users/Jonny/Documents/R/win-library/4.1/sparklyr/java/sparklyr-2.4-2.11.jar at spark://127.0.0.1:49632/jars/sparklyr-2.4-2.11.jar with timestamp 1647351160966
22/03/15 13:32:41 INFO Executor: Starting executor ID driver on host localhost
22/03/15 13:32:41 INFO Utils: Successfully started service 'org.apache.spark.network.netty.NettyBlockTransferService' on port 49682.
22/03/15 13:32:41 INFO NettyBlockTransferService: Server created on 127.0.0.1:49682
22/03/15 13:32:41 INFO BlockManager: Using org.apache.spark.storage.RandomBlockReplicationPolicy for block replication policy
22/03/15 13:32:41 INFO BlockManagerMaster: Registering BlockManager BlockManagerId(driver, 127.0.0.1, 49682, None)
22/03/15 13:32:41 INFO BlockManagerMasterEndpoint: Registering block manager 127.0.0.1:49682 with 912.3 MB RAM, BlockManagerId(driver, 127.0.0.1, 49682, None)
22/03/15 13:32:41 INFO BlockManagerMaster: Registered BlockManager BlockManagerId(driver, 127.0.0.1, 49682, None)
22/03/15 13:32:41 INFO BlockManager: Initialized BlockManager: BlockManagerId(driver, 127.0.0.1, 49682, None)
22/03/15 13:32:41 INFO SharedState: loading hive config file: file:/C:/Users/Jonny/AppData/Local/spark/spark-2.4.5-bin-hadoop2.7/conf/hive-site.xml
22/03/15 13:32:41 INFO SharedState: Setting hive.metastore.warehouse.dir ('C:/Users/Jonny/AppData/Local/spark/spark-2.4.5-bin-hadoop2.7/tmp/hive') to the value of spark.sql.warehouse.dir ('C:/Users/Jonny/AppData/Local/spark/spark-2.4.5-bin-hadoop2.7/tmp/hive').
22/03/15 13:32:41 INFO SharedState: Warehouse path is 'C:/Users/Jonny/AppData/Local/spark/spark-2.4.5-bin-hadoop2.7/tmp/hive'.
22/03/15 13:32:43 INFO StateStoreCoordinatorRef: Registered StateStoreCoordinator endpoint
22/03/15 13:32:48 INFO HiveUtils: Initializing HiveMetastoreConnection version 1.2.1 using Spark classes.
22/03/15 13:32:49 INFO HiveMetaStore: 0: Opening raw store with implemenation class:org.apache.hadoop.hive.metastore.ObjectStore
22/03/15 13:32:49 INFO ObjectStore: ObjectStore, initialize called
22/03/15 13:32:50 INFO Persistence: Property hive.metastore.integral.jdo.pushdown unknown - will be ignored
22/03/15 13:32:50 INFO Persistence: Property datanucleus.cache.level2 unknown - will be ignored
22/03/15 13:32:53 INFO ObjectStore: Setting MetaStore object pin classes with hive.metastore.cache.pinobjtypes="Table,StorageDescriptor,SerDeInfo,Partition,Database,Type,FieldSchema,Order"
22/03/15 13:32:55 INFO Datastore: The class "org.apache.hadoop.hive.metastore.model.MFieldSchema" is tagged as "embedded-only" so does not have its own datastore table.
22/03/15 13:32:55 INFO Datastore: The class "org.apache.hadoop.hive.metastore.model.MOrder" is tagged as "embedded-only" so does not have its own datastore table.
22/03/15 13:32:56 INFO Datastore: The class "org.apache.hadoop.hive.metastore.model.MFieldSchema" is tagged as "embedded-only" so does not have its own datastore table.
22/03/15 13:32:56 INFO Datastore: The class "org.apache.hadoop.hive.metastore.model.MOrder" is tagged as "embedded-only" so does not have its own datastore table.
22/03/15 13:32:56 INFO MetaStoreDirectSql: Using direct SQL, underlying DB is DERBY
22/03/15 13:32:56 INFO ObjectStore: Initialized ObjectStore
22/03/15 13:32:56 WARN ObjectStore: Version information not found in metastore. hive.metastore.schema.verification is not enabled so recording the schema version 1.2.0
22/03/15 13:32:56 WARN ObjectStore: Failed to get database default, returning NoSuchObjectException
22/03/15 13:32:57 INFO HiveMetaStore: Added admin role in metastore
22/03/15 13:32:57 INFO HiveMetaStore: Added public role in metastore
22/03/15 13:32:57 INFO HiveMetaStore: No user is added in admin role, since config is empty
22/03/15 13:32:57 INFO HiveMetaStore: 0: get_all_databases
22/03/15 13:32:57 INFO audit: ugi=Jonny	ip=unknown-ip-addr	cmd=get_all_databases	
22/03/15 13:32:57 INFO HiveMetaStore: 0: get_functions: db=default pat=*
22/03/15 13:32:57 INFO audit: ugi=Jonny	ip=unknown-ip-addr	cmd=get_functions: db=default pat=*	
22/03/15 13:32:57 INFO Datastore: The class "org.apache.hadoop.hive.metastore.model.MResourceUri" is tagged as "embedded-only" so does not have its own datastore table.
22/03/15 13:32:57 INFO SessionState: Created local directory: C:/Users/Jonny/AppData/Local/Temp/41f13679-28f8-4b04-a9a1-becca7006b88_resources
22/03/15 13:32:57 INFO SessionState: Created HDFS directory: C:/Users/Jonny/AppData/Local/spark/spark-2.4.5-bin-hadoop2.7/tmp/hive/Jonny/41f13679-28f8-4b04-a9a1-becca7006b88
22/03/15 13:32:57 INFO SessionState: Created local directory: C:/Users/Jonny/AppData/Local/spark/spark-2.4.5-bin-hadoop2.7/tmp/hive/41f13679-28f8-4b04-a9a1-becca7006b88
22/03/15 13:32:57 INFO SessionState: Created HDFS directory: C:/Users/Jonny/AppData/Local/spark/spark-2.4.5-bin-hadoop2.7/tmp/hive/Jonny/41f13679-28f8-4b04-a9a1-becca7006b88/_tmp_space.db
22/03/15 13:32:57 INFO HiveClientImpl: Warehouse location for Hive client (version 1.2.2) is C:/Users/Jonny/AppData/Local/spark/spark-2.4.5-bin-hadoop2.7/tmp/hive
22/03/15 13:32:57 INFO HiveMetaStore: 0: get_database: default
22/03/15 13:32:57 INFO audit: ugi=Jonny	ip=unknown-ip-addr	cmd=get_database: default	
22/03/15 13:32:58 INFO HiveMetaStore: 0: get_database: global_temp
22/03/15 13:32:58 INFO audit: ugi=Jonny	ip=unknown-ip-addr	cmd=get_database: global_temp	
22/03/15 13:32:58 WARN ObjectStore: Failed to get database global_temp, returning NoSuchObjectException
22/03/15 13:32:58 INFO HiveMetaStore: 0: get_database: default
22/03/15 13:32:58 INFO audit: ugi=Jonny	ip=unknown-ip-addr	cmd=get_database: default	
22/03/15 13:32:58 INFO HiveMetaStore: 0: get_database: default
22/03/15 13:32:58 INFO audit: ugi=Jonny	ip=unknown-ip-addr	cmd=get_database: default	
22/03/15 13:32:58 INFO HiveMetaStore: 0: get_tables: db=default pat=*
22/03/15 13:32:58 INFO audit: ugi=Jonny	ip=unknown-ip-addr	cmd=get_tables: db=default pat=*	
22/03/15 13:32:59 INFO CodeGenerator: Code generated in 458.6087 ms
22/03/15 13:33:00 INFO ContextCleaner: Cleaned accumulator 0
22/03/15 13:33:01 INFO CodeGenerator: Code generated in 32.7905 ms
22/03/15 13:33:01 INFO CodeGenerator: Code generated in 35.3273 ms
22/03/15 13:33:01 INFO SparkContext: Starting job: collect at utils.scala:24
22/03/15 13:33:02 INFO DAGScheduler: Got job 0 (collect at utils.scala:24) with 1 output partitions
22/03/15 13:33:02 INFO DAGScheduler: Final stage: ResultStage 0 (collect at utils.scala:24)
22/03/15 13:33:02 INFO DAGScheduler: Parents of final stage: List()
22/03/15 13:33:02 INFO DAGScheduler: Missing parents: List()
22/03/15 13:33:02 INFO DAGScheduler: Submitting ResultStage 0 (MapPartitionsRDD[4] at collect at utils.scala:24), which has no missing parents
22/03/15 13:33:02 INFO MemoryStore: Block broadcast_0 stored as values in memory (estimated size 6.7 KB, free 912.3 MB)
22/03/15 13:33:02 INFO MemoryStore: Block broadcast_0_piece0 stored as bytes in memory (estimated size 3.4 KB, free 912.3 MB)
22/03/15 13:33:02 INFO BlockManagerInfo: Added broadcast_0_piece0 in memory on 127.0.0.1:49682 (size: 3.4 KB, free: 912.3 MB)
22/03/15 13:33:02 INFO SparkContext: Created broadcast 0 from broadcast at DAGScheduler.scala:1163
22/03/15 13:33:02 INFO DAGScheduler: Submitting 1 missing tasks from ResultStage 0 (MapPartitionsRDD[4] at collect at utils.scala:24) (first 15 tasks are for partitions Vector(0))
22/03/15 13:33:02 INFO TaskSchedulerImpl: Adding task set 0.0 with 1 tasks
22/03/15 13:33:02 INFO TaskSetManager: Starting task 0.0 in stage 0.0 (TID 0, localhost, executor driver, partition 0, PROCESS_LOCAL, 8080 bytes)
22/03/15 13:33:02 INFO Executor: Running task 0.0 in stage 0.0 (TID 0)
22/03/15 13:33:02 INFO Executor: Fetching spark://127.0.0.1:49632/jars/sparklyr-2.4-2.11.jar with timestamp 1647351160966
22/03/15 13:33:02 INFO TransportClientFactory: Successfully created connection to /127.0.0.1:49632 after 47 ms (0 ms spent in bootstraps)
22/03/15 13:33:02 INFO Utils: Fetching spark://127.0.0.1:49632/jars/sparklyr-2.4-2.11.jar to C:\Users\Jonny\AppData\Local\spark\spark-2.4.5-bin-hadoop2.7\tmp\local\spark-cb07bf21-daeb-4217-ac71-7e6360a67dac\userFiles-a0029751-3e5b-4f5c-9c0a-a69cf43e91e7\fetchFileTemp5568320965002675932.tmp
22/03/15 13:33:02 INFO Executor: Adding file:/C:/Users/Jonny/AppData/Local/spark/spark-2.4.5-bin-hadoop2.7/tmp/local/spark-cb07bf21-daeb-4217-ac71-7e6360a67dac/userFiles-a0029751-3e5b-4f5c-9c0a-a69cf43e91e7/sparklyr-2.4-2.11.jar to class loader
22/03/15 13:33:03 INFO CodeGenerator: Code generated in 15.7059 ms
22/03/15 13:33:03 INFO Executor: Finished task 0.0 in stage 0.0 (TID 0). 1329 bytes result sent to driver
22/03/15 13:33:03 INFO TaskSetManager: Finished task 0.0 in stage 0.0 (TID 0) in 721 ms on localhost (executor driver) (1/1)
22/03/15 13:33:03 INFO TaskSchedulerImpl: Removed TaskSet 0.0, whose tasks have all completed, from pool 
22/03/15 13:33:03 INFO DAGScheduler: ResultStage 0 (collect at utils.scala:24) finished in 1.062 s
22/03/15 13:33:03 INFO DAGScheduler: Job 0 finished: collect at utils.scala:24, took 1.184105 s
22/03/15 13:33:03 INFO SparkContext: Starting job: collect at utils.scala:24
22/03/15 13:33:03 INFO DAGScheduler: Got job 1 (collect at utils.scala:24) with 1 output partitions
22/03/15 13:33:03 INFO DAGScheduler: Final stage: ResultStage 1 (collect at utils.scala:24)
22/03/15 13:33:03 INFO DAGScheduler: Parents of final stage: List()
22/03/15 13:33:03 INFO DAGScheduler: Missing parents: List()
22/03/15 13:33:03 INFO DAGScheduler: Submitting ResultStage 1 (MapPartitionsRDD[7] at collect at utils.scala:24), which has no missing parents
22/03/15 13:33:03 INFO MemoryStore: Block broadcast_1 stored as values in memory (estimated size 6.7 KB, free 912.3 MB)
22/03/15 13:33:03 INFO MemoryStore: Block broadcast_1_piece0 stored as bytes in memory (estimated size 3.4 KB, free 912.3 MB)
22/03/15 13:33:03 INFO BlockManagerInfo: Added broadcast_1_piece0 in memory on 127.0.0.1:49682 (size: 3.4 KB, free: 912.3 MB)
22/03/15 13:33:03 INFO SparkContext: Created broadcast 1 from broadcast at DAGScheduler.scala:1163
22/03/15 13:33:03 INFO DAGScheduler: Submitting 1 missing tasks from ResultStage 1 (MapPartitionsRDD[7] at collect at utils.scala:24) (first 15 tasks are for partitions Vector(0))
22/03/15 13:33:03 INFO TaskSchedulerImpl: Adding task set 1.0 with 1 tasks
22/03/15 13:33:03 INFO TaskSetManager: Starting task 0.0 in stage 1.0 (TID 1, localhost, executor driver, partition 0, PROCESS_LOCAL, 8080 bytes)
22/03/15 13:33:03 INFO Executor: Running task 0.0 in stage 1.0 (TID 1)
22/03/15 13:33:03 INFO Executor: Finished task 0.0 in stage 1.0 (TID 1). 1200 bytes result sent to driver
22/03/15 13:33:03 INFO TaskSetManager: Finished task 0.0 in stage 1.0 (TID 1) in 12 ms on localhost (executor driver) (1/1)
22/03/15 13:33:03 INFO TaskSchedulerImpl: Removed TaskSet 1.0, whose tasks have all completed, from pool 
22/03/15 13:33:03 INFO DAGScheduler: ResultStage 1 (collect at utils.scala:24) finished in 0.025 s
22/03/15 13:33:03 INFO DAGScheduler: Job 1 finished: collect at utils.scala:24, took 0.030659 s
22/03/15 13:33:04 INFO ContextCleaner: Cleaned accumulator 24
22/03/15 13:33:04 INFO ContextCleaner: Cleaned accumulator 13
22/03/15 13:33:04 INFO ContextCleaner: Cleaned accumulator 18
22/03/15 13:33:04 INFO ContextCleaner: Cleaned accumulator 6
22/03/15 13:33:04 INFO ContextCleaner: Cleaned accumulator 3
22/03/15 13:33:04 INFO ContextCleaner: Cleaned accumulator 32
22/03/15 13:33:04 INFO ContextCleaner: Cleaned accumulator 23
22/03/15 13:33:04 INFO ContextCleaner: Cleaned accumulator 39
22/03/15 13:33:04 INFO ContextCleaner: Cleaned accumulator 33
22/03/15 13:33:04 INFO ContextCleaner: Cleaned accumulator 42
22/03/15 13:33:04 INFO ContextCleaner: Cleaned accumulator 51
22/03/15 13:33:04 INFO ContextCleaner: Cleaned accumulator 9
22/03/15 13:33:04 INFO ContextCleaner: Cleaned accumulator 52
22/03/15 13:33:04 INFO ContextCleaner: Cleaned accumulator 46
22/03/15 13:33:04 INFO ContextCleaner: Cleaned accumulator 15
22/03/15 13:33:04 INFO ContextCleaner: Cleaned accumulator 49
22/03/15 13:33:04 INFO ContextCleaner: Cleaned accumulator 44
22/03/15 13:33:04 INFO ContextCleaner: Cleaned accumulator 17
22/03/15 13:33:04 INFO ContextCleaner: Cleaned accumulator 8
22/03/15 13:33:04 INFO ContextCleaner: Cleaned accumulator 47
22/03/15 13:33:04 INFO ContextCleaner: Cleaned accumulator 29
22/03/15 13:33:04 INFO ContextCleaner: Cleaned accumulator 43
22/03/15 13:33:04 INFO ContextCleaner: Cleaned accumulator 27
22/03/15 13:33:04 INFO ContextCleaner: Cleaned accumulator 10
22/03/15 13:33:04 INFO ContextCleaner: Cleaned accumulator 5
22/03/15 13:33:04 INFO ContextCleaner: Cleaned accumulator 38
22/03/15 13:33:04 INFO ContextCleaner: Cleaned accumulator 37
22/03/15 13:33:04 INFO ContextCleaner: Cleaned accumulator 11
22/03/15 13:33:04 INFO ContextCleaner: Cleaned accumulator 16
22/03/15 13:33:04 INFO HiveMetaStore: 0: get_database: default
22/03/15 13:33:04 INFO audit: ugi=Jonny	ip=unknown-ip-addr	cmd=get_database: default	
22/03/15 13:33:04 INFO HiveMetaStore: 0: get_database: default
22/03/15 13:33:04 INFO audit: ugi=Jonny	ip=unknown-ip-addr	cmd=get_database: default	
22/03/15 13:33:04 INFO HiveMetaStore: 0: get_tables: db=default pat=*
22/03/15 13:33:04 INFO audit: ugi=Jonny	ip=unknown-ip-addr	cmd=get_tables: db=default pat=*	
22/03/15 13:33:04 INFO BlockManagerInfo: Removed broadcast_1_piece0 on 127.0.0.1:49682 in memory (size: 3.4 KB, free: 912.3 MB)
22/03/15 13:33:04 INFO ContextCleaner: Cleaned accumulator 25
22/03/15 13:33:04 INFO ContextCleaner: Cleaned accumulator 21
22/03/15 13:33:04 INFO BlockManagerInfo: Removed broadcast_0_piece0 on 127.0.0.1:49682 in memory (size: 3.4 KB, free: 912.3 MB)
22/03/15 13:33:04 INFO ContextCleaner: Cleaned accumulator 31
22/03/15 13:33:04 INFO ContextCleaner: Cleaned accumulator 55
22/03/15 13:33:04 INFO ContextCleaner: Cleaned accumulator 14
22/03/15 13:33:04 INFO ContextCleaner: Cleaned accumulator 7
22/03/15 13:33:04 INFO ContextCleaner: Cleaned accumulator 53
22/03/15 13:33:04 INFO ContextCleaner: Cleaned accumulator 22
22/03/15 13:33:04 INFO ContextCleaner: Cleaned accumulator 36
22/03/15 13:33:04 INFO ContextCleaner: Cleaned accumulator 12
22/03/15 13:33:04 INFO ContextCleaner: Cleaned accumulator 48
22/03/15 13:33:04 INFO ContextCleaner: Cleaned accumulator 20
22/03/15 13:33:04 INFO ContextCleaner: Cleaned accumulator 4
22/03/15 13:33:04 INFO ContextCleaner: Cleaned accumulator 50
22/03/15 13:33:04 INFO ContextCleaner: Cleaned accumulator 34
22/03/15 13:33:04 INFO ContextCleaner: Cleaned accumulator 35
22/03/15 13:33:04 INFO ContextCleaner: Cleaned accumulator 45
22/03/15 13:33:04 INFO ContextCleaner: Cleaned accumulator 54
22/03/15 13:33:04 INFO ContextCleaner: Cleaned accumulator 30
22/03/15 13:33:04 INFO ContextCleaner: Cleaned accumulator 26
22/03/15 13:33:04 INFO ContextCleaner: Cleaned accumulator 41
22/03/15 13:33:04 INFO ContextCleaner: Cleaned accumulator 19
22/03/15 13:33:04 INFO ContextCleaner: Cleaned accumulator 40
22/03/15 13:33:04 INFO CodeGenerator: Code generated in 20.0277 ms
22/03/15 13:33:04 INFO CodeGenerator: Code generated in 19.4814 ms
22/03/15 13:33:04 INFO HiveMetaStore: 0: get_database: default
22/03/15 13:33:04 INFO audit: ugi=Jonny	ip=unknown-ip-addr	cmd=get_database: default	
22/03/15 13:33:04 INFO HiveMetaStore: 0: get_database: default
22/03/15 13:33:04 INFO audit: ugi=Jonny	ip=unknown-ip-addr	cmd=get_database: default	
22/03/15 13:33:04 INFO HiveMetaStore: 0: get_tables: db=default pat=*
22/03/15 13:33:04 INFO audit: ugi=Jonny	ip=unknown-ip-addr	cmd=get_tables: db=default pat=*	
22/03/15 13:33:38 INFO HiveMetaStore: 0: get_database: default
22/03/15 13:33:38 INFO audit: ugi=Jonny	ip=unknown-ip-addr	cmd=get_database: default	
22/03/15 13:33:38 INFO HiveMetaStore: 0: get_database: default
22/03/15 13:33:38 INFO audit: ugi=Jonny	ip=unknown-ip-addr	cmd=get_database: default	
22/03/15 13:33:38 INFO HiveMetaStore: 0: get_tables: db=default pat=*
22/03/15 13:33:38 INFO audit: ugi=Jonny	ip=unknown-ip-addr	cmd=get_tables: db=default pat=*	
22/03/15 13:33:38 INFO CodeGenerator: Code generated in 10.6789 ms
22/03/15 13:34:03 INFO HiveMetaStore: 0: get_database: default
22/03/15 13:34:03 INFO audit: ugi=Jonny	ip=unknown-ip-addr	cmd=get_database: default	
22/03/15 13:34:03 INFO HiveMetaStore: 0: get_database: default
22/03/15 13:34:03 INFO audit: ugi=Jonny	ip=unknown-ip-addr	cmd=get_database: default	
22/03/15 13:34:03 INFO HiveMetaStore: 0: get_tables: db=default pat=*
22/03/15 13:34:03 INFO audit: ugi=Jonny	ip=unknown-ip-addr	cmd=get_tables: db=default pat=*	
22/03/15 13:34:04 INFO ContextCleaner: Cleaned accumulator 59
22/03/15 13:34:04 INFO ContextCleaner: Cleaned accumulator 56
22/03/15 13:34:04 INFO ContextCleaner: Cleaned accumulator 58
22/03/15 13:34:04 INFO ContextCleaner: Cleaned accumulator 57
22/03/15 13:34:04 INFO CodeGenerator: Code generated in 10.0859 ms
22/03/15 13:34:04 INFO CodeGenerator: Code generated in 11.1678 ms
22/03/15 13:34:04 INFO SparkContext: Starting job: collect at utils.scala:24
22/03/15 13:34:04 INFO DAGScheduler: Got job 2 (collect at utils.scala:24) with 1 output partitions
22/03/15 13:34:04 INFO DAGScheduler: Final stage: ResultStage 2 (collect at utils.scala:24)
22/03/15 13:34:04 INFO DAGScheduler: Parents of final stage: List()
22/03/15 13:34:04 INFO DAGScheduler: Missing parents: List()
22/03/15 13:34:04 INFO DAGScheduler: Submitting ResultStage 2 (MapPartitionsRDD[11] at collect at utils.scala:24), which has no missing parents
22/03/15 13:34:04 INFO MemoryStore: Block broadcast_2 stored as values in memory (estimated size 6.8 KB, free 912.3 MB)
22/03/15 13:34:04 INFO MemoryStore: Block broadcast_2_piece0 stored as bytes in memory (estimated size 3.4 KB, free 912.3 MB)
22/03/15 13:34:04 INFO BlockManagerInfo: Added broadcast_2_piece0 in memory on 127.0.0.1:49682 (size: 3.4 KB, free: 912.3 MB)
22/03/15 13:34:04 INFO SparkContext: Created broadcast 2 from broadcast at DAGScheduler.scala:1163
22/03/15 13:34:04 INFO DAGScheduler: Submitting 1 missing tasks from ResultStage 2 (MapPartitionsRDD[11] at collect at utils.scala:24) (first 15 tasks are for partitions Vector(0))
22/03/15 13:34:04 INFO TaskSchedulerImpl: Adding task set 2.0 with 1 tasks
22/03/15 13:34:04 INFO TaskSetManager: Starting task 0.0 in stage 2.0 (TID 2, localhost, executor driver, partition 0, PROCESS_LOCAL, 8080 bytes)
22/03/15 13:34:04 INFO Executor: Running task 0.0 in stage 2.0 (TID 2)
22/03/15 13:34:04 INFO Executor: Finished task 0.0 in stage 2.0 (TID 2). 1286 bytes result sent to driver
22/03/15 13:34:04 INFO TaskSetManager: Finished task 0.0 in stage 2.0 (TID 2) in 13 ms on localhost (executor driver) (1/1)
22/03/15 13:34:04 INFO TaskSchedulerImpl: Removed TaskSet 2.0, whose tasks have all completed, from pool 
22/03/15 13:34:04 INFO DAGScheduler: ResultStage 2 (collect at utils.scala:24) finished in 0.031 s
22/03/15 13:34:04 INFO DAGScheduler: Job 2 finished: collect at utils.scala:24, took 0.034879 s
22/03/15 13:34:05 INFO SparkContext: Starting job: collect at utils.scala:24
22/03/15 13:34:05 INFO DAGScheduler: Got job 3 (collect at utils.scala:24) with 1 output partitions
22/03/15 13:34:05 INFO DAGScheduler: Final stage: ResultStage 3 (collect at utils.scala:24)
22/03/15 13:34:05 INFO DAGScheduler: Parents of final stage: List()
22/03/15 13:34:05 INFO DAGScheduler: Missing parents: List()
22/03/15 13:34:05 INFO DAGScheduler: Submitting ResultStage 3 (MapPartitionsRDD[14] at collect at utils.scala:24), which has no missing parents
22/03/15 13:34:05 INFO MemoryStore: Block broadcast_3 stored as values in memory (estimated size 6.8 KB, free 912.3 MB)
22/03/15 13:34:05 INFO MemoryStore: Block broadcast_3_piece0 stored as bytes in memory (estimated size 3.4 KB, free 912.3 MB)
22/03/15 13:34:05 INFO BlockManagerInfo: Added broadcast_3_piece0 in memory on 127.0.0.1:49682 (size: 3.4 KB, free: 912.3 MB)
22/03/15 13:34:05 INFO SparkContext: Created broadcast 3 from broadcast at DAGScheduler.scala:1163
22/03/15 13:34:05 INFO DAGScheduler: Submitting 1 missing tasks from ResultStage 3 (MapPartitionsRDD[14] at collect at utils.scala:24) (first 15 tasks are for partitions Vector(0))
22/03/15 13:34:05 INFO TaskSchedulerImpl: Adding task set 3.0 with 1 tasks
22/03/15 13:34:05 INFO TaskSetManager: Starting task 0.0 in stage 3.0 (TID 3, localhost, executor driver, partition 0, PROCESS_LOCAL, 8080 bytes)
22/03/15 13:34:05 INFO Executor: Running task 0.0 in stage 3.0 (TID 3)
22/03/15 13:34:05 INFO Executor: Finished task 0.0 in stage 3.0 (TID 3). 1200 bytes result sent to driver
22/03/15 13:34:05 INFO TaskSetManager: Finished task 0.0 in stage 3.0 (TID 3) in 11 ms on localhost (executor driver) (1/1)
22/03/15 13:34:05 INFO TaskSchedulerImpl: Removed TaskSet 3.0, whose tasks have all completed, from pool 
22/03/15 13:34:05 INFO DAGScheduler: ResultStage 3 (collect at utils.scala:24) finished in 0.022 s
22/03/15 13:34:05 INFO DAGScheduler: Job 3 finished: collect at utils.scala:24, took 0.025234 s
22/03/15 13:34:05 INFO HiveMetaStore: 0: get_database: default
22/03/15 13:34:05 INFO audit: ugi=Jonny	ip=unknown-ip-addr	cmd=get_database: default	
22/03/15 13:34:05 INFO HiveMetaStore: 0: get_database: default
22/03/15 13:34:05 INFO audit: ugi=Jonny	ip=unknown-ip-addr	cmd=get_database: default	
22/03/15 13:34:05 INFO HiveMetaStore: 0: get_tables: db=default pat=*
22/03/15 13:34:05 INFO audit: ugi=Jonny	ip=unknown-ip-addr	cmd=get_tables: db=default pat=*	
22/03/15 13:34:26 INFO HiveMetaStore: 0: get_database: default
22/03/15 13:34:26 INFO audit: ugi=Jonny	ip=unknown-ip-addr	cmd=get_database: default	
22/03/15 13:34:26 INFO HiveMetaStore: 0: get_database: default
22/03/15 13:34:26 INFO audit: ugi=Jonny	ip=unknown-ip-addr	cmd=get_database: default	
22/03/15 13:34:26 INFO HiveMetaStore: 0: get_tables: db=default pat=*
22/03/15 13:34:26 INFO audit: ugi=Jonny	ip=unknown-ip-addr	cmd=get_tables: db=default pat=*	
22/03/15 13:34:26 INFO ContextCleaner: Cleaned accumulator 73
22/03/15 13:34:26 INFO ContextCleaner: Cleaned accumulator 74
22/03/15 13:34:26 INFO ContextCleaner: Cleaned accumulator 96
22/03/15 13:34:26 INFO ContextCleaner: Cleaned accumulator 88
22/03/15 13:34:26 INFO ContextCleaner: Cleaned accumulator 60
22/03/15 13:34:26 INFO ContextCleaner: Cleaned accumulator 97
22/03/15 13:34:26 INFO ContextCleaner: Cleaned accumulator 109
22/03/15 13:34:26 INFO ContextCleaner: Cleaned accumulator 63
22/03/15 13:34:26 INFO ContextCleaner: Cleaned accumulator 80
22/03/15 13:34:26 INFO ContextCleaner: Cleaned accumulator 110
22/03/15 13:34:26 INFO ContextCleaner: Cleaned accumulator 116
22/03/15 13:34:26 INFO ContextCleaner: Cleaned accumulator 113
22/03/15 13:34:26 INFO ContextCleaner: Cleaned accumulator 112
22/03/15 13:34:26 INFO ContextCleaner: Cleaned accumulator 100
22/03/15 13:34:26 INFO ContextCleaner: Cleaned accumulator 106
22/03/15 13:34:26 INFO ContextCleaner: Cleaned accumulator 67
22/03/15 13:34:26 INFO ContextCleaner: Cleaned accumulator 102
22/03/15 13:34:26 INFO ContextCleaner: Cleaned accumulator 103
22/03/15 13:34:26 INFO ContextCleaner: Cleaned accumulator 72
22/03/15 13:34:26 INFO ContextCleaner: Cleaned accumulator 86
22/03/15 13:34:26 INFO ContextCleaner: Cleaned accumulator 108
22/03/15 13:34:26 INFO ContextCleaner: Cleaned accumulator 64
22/03/15 13:34:26 INFO ContextCleaner: Cleaned accumulator 79
22/03/15 13:34:26 INFO ContextCleaner: Cleaned accumulator 90
22/03/15 13:34:26 INFO ContextCleaner: Cleaned accumulator 92
22/03/15 13:34:26 INFO ContextCleaner: Cleaned accumulator 111
22/03/15 13:34:26 INFO ContextCleaner: Cleaned accumulator 61
22/03/15 13:34:26 INFO ContextCleaner: Cleaned accumulator 114
22/03/15 13:34:26 INFO ContextCleaner: Cleaned accumulator 65
22/03/15 13:34:26 INFO ContextCleaner: Cleaned accumulator 70
22/03/15 13:34:26 INFO ContextCleaner: Cleaned accumulator 95
22/03/15 13:34:26 INFO BlockManagerInfo: Removed broadcast_2_piece0 on 127.0.0.1:49682 in memory (size: 3.4 KB, free: 912.3 MB)
22/03/15 13:34:26 INFO ContextCleaner: Cleaned accumulator 78
22/03/15 13:34:26 INFO ContextCleaner: Cleaned accumulator 69
22/03/15 13:34:26 INFO ContextCleaner: Cleaned accumulator 91
22/03/15 13:34:26 INFO ContextCleaner: Cleaned accumulator 77
22/03/15 13:34:26 INFO ContextCleaner: Cleaned accumulator 101
22/03/15 13:34:26 INFO ContextCleaner: Cleaned accumulator 85
22/03/15 13:34:26 INFO ContextCleaner: Cleaned accumulator 83
22/03/15 13:34:26 INFO ContextCleaner: Cleaned accumulator 76
22/03/15 13:34:26 INFO ContextCleaner: Cleaned accumulator 105
22/03/15 13:34:26 INFO ContextCleaner: Cleaned accumulator 94
22/03/15 13:34:26 INFO ContextCleaner: Cleaned accumulator 62
22/03/15 13:34:26 INFO ContextCleaner: Cleaned accumulator 99
22/03/15 13:34:26 INFO BlockManagerInfo: Removed broadcast_3_piece0 on 127.0.0.1:49682 in memory (size: 3.4 KB, free: 912.3 MB)
22/03/15 13:34:26 INFO ContextCleaner: Cleaned accumulator 81
22/03/15 13:34:26 INFO ContextCleaner: Cleaned accumulator 93
22/03/15 13:34:26 INFO ContextCleaner: Cleaned accumulator 104
22/03/15 13:34:26 INFO ContextCleaner: Cleaned accumulator 87
22/03/15 13:34:26 INFO ContextCleaner: Cleaned accumulator 82
22/03/15 13:34:26 INFO ContextCleaner: Cleaned accumulator 98
22/03/15 13:34:26 INFO ContextCleaner: Cleaned accumulator 75
22/03/15 13:34:26 INFO ContextCleaner: Cleaned accumulator 115
22/03/15 13:34:26 INFO ContextCleaner: Cleaned accumulator 84
22/03/15 13:34:26 INFO ContextCleaner: Cleaned accumulator 107
22/03/15 13:34:26 INFO ContextCleaner: Cleaned accumulator 66
22/03/15 13:34:26 INFO ContextCleaner: Cleaned accumulator 71
22/03/15 13:34:26 INFO ContextCleaner: Cleaned accumulator 89
22/03/15 13:34:26 INFO ContextCleaner: Cleaned accumulator 68
22/03/15 13:34:26 INFO SparkContext: Starting job: collect at utils.scala:24
22/03/15 13:34:26 INFO DAGScheduler: Got job 4 (collect at utils.scala:24) with 1 output partitions
22/03/15 13:34:26 INFO DAGScheduler: Final stage: ResultStage 4 (collect at utils.scala:24)
22/03/15 13:34:26 INFO DAGScheduler: Parents of final stage: List()
22/03/15 13:34:26 INFO DAGScheduler: Missing parents: List()
22/03/15 13:34:26 INFO DAGScheduler: Submitting ResultStage 4 (MapPartitionsRDD[18] at collect at utils.scala:24), which has no missing parents
22/03/15 13:34:26 INFO MemoryStore: Block broadcast_4 stored as values in memory (estimated size 6.8 KB, free 912.3 MB)
22/03/15 13:34:26 INFO MemoryStore: Block broadcast_4_piece0 stored as bytes in memory (estimated size 3.4 KB, free 912.3 MB)
22/03/15 13:34:26 INFO BlockManagerInfo: Added broadcast_4_piece0 in memory on 127.0.0.1:49682 (size: 3.4 KB, free: 912.3 MB)
22/03/15 13:34:26 INFO SparkContext: Created broadcast 4 from broadcast at DAGScheduler.scala:1163
22/03/15 13:34:26 INFO DAGScheduler: Submitting 1 missing tasks from ResultStage 4 (MapPartitionsRDD[18] at collect at utils.scala:24) (first 15 tasks are for partitions Vector(0))
22/03/15 13:34:26 INFO TaskSchedulerImpl: Adding task set 4.0 with 1 tasks
22/03/15 13:34:26 INFO TaskSetManager: Starting task 0.0 in stage 4.0 (TID 4, localhost, executor driver, partition 0, PROCESS_LOCAL, 8080 bytes)
22/03/15 13:34:26 INFO Executor: Running task 0.0 in stage 4.0 (TID 4)
22/03/15 13:34:26 INFO Executor: Finished task 0.0 in stage 4.0 (TID 4). 1200 bytes result sent to driver
22/03/15 13:34:26 INFO TaskSetManager: Finished task 0.0 in stage 4.0 (TID 4) in 6 ms on localhost (executor driver) (1/1)
22/03/15 13:34:26 INFO TaskSchedulerImpl: Removed TaskSet 4.0, whose tasks have all completed, from pool 
22/03/15 13:34:26 INFO DAGScheduler: ResultStage 4 (collect at utils.scala:24) finished in 0.012 s
22/03/15 13:34:26 INFO DAGScheduler: Job 4 finished: collect at utils.scala:24, took 0.014807 s
22/03/15 13:34:27 INFO ContextCleaner: Cleaned accumulator 140
22/03/15 13:34:27 INFO ContextCleaner: Cleaned accumulator 123
22/03/15 13:34:27 INFO ContextCleaner: Cleaned accumulator 131
22/03/15 13:34:27 INFO ContextCleaner: Cleaned accumulator 136
22/03/15 13:34:27 INFO ContextCleaner: Cleaned accumulator 124
22/03/15 13:34:27 INFO ContextCleaner: Cleaned accumulator 135
22/03/15 13:34:27 INFO ContextCleaner: Cleaned accumulator 129
22/03/15 13:34:27 INFO ContextCleaner: Cleaned accumulator 126
22/03/15 13:34:27 INFO ContextCleaner: Cleaned accumulator 143
22/03/15 13:34:27 INFO ContextCleaner: Cleaned accumulator 141
22/03/15 13:34:27 INFO ContextCleaner: Cleaned accumulator 133
22/03/15 13:34:27 INFO BlockManagerInfo: Removed broadcast_4_piece0 on 127.0.0.1:49682 in memory (size: 3.4 KB, free: 912.3 MB)
22/03/15 13:34:27 INFO ContextCleaner: Cleaned accumulator 128
22/03/15 13:34:27 INFO ContextCleaner: Cleaned accumulator 130
22/03/15 13:34:27 INFO ContextCleaner: Cleaned accumulator 134
22/03/15 13:34:27 INFO ContextCleaner: Cleaned accumulator 118
22/03/15 13:34:27 INFO ContextCleaner: Cleaned accumulator 125
22/03/15 13:34:27 INFO ContextCleaner: Cleaned accumulator 144
22/03/15 13:34:27 INFO ContextCleaner: Cleaned accumulator 132
22/03/15 13:34:27 INFO ContextCleaner: Cleaned accumulator 121
22/03/15 13:34:27 INFO ContextCleaner: Cleaned accumulator 138
22/03/15 13:34:27 INFO ContextCleaner: Cleaned accumulator 137
22/03/15 13:34:27 INFO ContextCleaner: Cleaned accumulator 120
22/03/15 13:34:27 INFO ContextCleaner: Cleaned accumulator 142
22/03/15 13:34:27 INFO ContextCleaner: Cleaned accumulator 139
22/03/15 13:34:27 INFO ContextCleaner: Cleaned accumulator 119
22/03/15 13:34:27 INFO ContextCleaner: Cleaned accumulator 122
22/03/15 13:34:27 INFO ContextCleaner: Cleaned accumulator 127
22/03/15 13:34:27 INFO SparkContext: Starting job: collect at utils.scala:24
22/03/15 13:34:27 INFO DAGScheduler: Got job 5 (collect at utils.scala:24) with 1 output partitions
22/03/15 13:34:27 INFO DAGScheduler: Final stage: ResultStage 5 (collect at utils.scala:24)
22/03/15 13:34:27 INFO DAGScheduler: Parents of final stage: List()
22/03/15 13:34:27 INFO DAGScheduler: Missing parents: List()
22/03/15 13:34:27 INFO DAGScheduler: Submitting ResultStage 5 (MapPartitionsRDD[21] at collect at utils.scala:24), which has no missing parents
22/03/15 13:34:27 INFO MemoryStore: Block broadcast_5 stored as values in memory (estimated size 6.8 KB, free 912.3 MB)
22/03/15 13:34:27 INFO MemoryStore: Block broadcast_5_piece0 stored as bytes in memory (estimated size 3.4 KB, free 912.3 MB)
22/03/15 13:34:27 INFO BlockManagerInfo: Added broadcast_5_piece0 in memory on 127.0.0.1:49682 (size: 3.4 KB, free: 912.3 MB)
22/03/15 13:34:27 INFO SparkContext: Created broadcast 5 from broadcast at DAGScheduler.scala:1163
22/03/15 13:34:27 INFO DAGScheduler: Submitting 1 missing tasks from ResultStage 5 (MapPartitionsRDD[21] at collect at utils.scala:24) (first 15 tasks are for partitions Vector(0))
22/03/15 13:34:27 INFO TaskSchedulerImpl: Adding task set 5.0 with 1 tasks
22/03/15 13:34:27 INFO TaskSetManager: Starting task 0.0 in stage 5.0 (TID 5, localhost, executor driver, partition 0, PROCESS_LOCAL, 8080 bytes)
22/03/15 13:34:27 INFO Executor: Running task 0.0 in stage 5.0 (TID 5)
22/03/15 13:34:27 INFO Executor: Finished task 0.0 in stage 5.0 (TID 5). 1200 bytes result sent to driver
22/03/15 13:34:27 INFO TaskSetManager: Finished task 0.0 in stage 5.0 (TID 5) in 5 ms on localhost (executor driver) (1/1)
22/03/15 13:34:27 INFO TaskSchedulerImpl: Removed TaskSet 5.0, whose tasks have all completed, from pool 
22/03/15 13:34:27 INFO DAGScheduler: ResultStage 5 (collect at utils.scala:24) finished in 0.012 s
22/03/15 13:34:27 INFO DAGScheduler: Job 5 finished: collect at utils.scala:24, took 0.016443 s
22/03/15 13:34:27 INFO HiveMetaStore: 0: get_database: default
22/03/15 13:34:27 INFO audit: ugi=Jonny	ip=unknown-ip-addr	cmd=get_database: default	
22/03/15 13:34:27 INFO HiveMetaStore: 0: get_database: default
22/03/15 13:34:27 INFO audit: ugi=Jonny	ip=unknown-ip-addr	cmd=get_database: default	
22/03/15 13:34:27 INFO HiveMetaStore: 0: get_tables: db=default pat=*
22/03/15 13:34:27 INFO audit: ugi=Jonny	ip=unknown-ip-addr	cmd=get_tables: db=default pat=*	
22/03/15 13:38:11 INFO HiveMetaStore: 0: get_database: default
22/03/15 13:38:11 INFO audit: ugi=Jonny	ip=unknown-ip-addr	cmd=get_database: default	
22/03/15 13:38:11 INFO HiveMetaStore: 0: get_database: default
22/03/15 13:38:11 INFO audit: ugi=Jonny	ip=unknown-ip-addr	cmd=get_database: default	
22/03/15 13:38:11 INFO HiveMetaStore: 0: get_tables: db=default pat=*
22/03/15 13:38:11 INFO audit: ugi=Jonny	ip=unknown-ip-addr	cmd=get_tables: db=default pat=*	
22/03/15 13:50:13 INFO CodeGenerator: Code generated in 27.6134 ms
22/03/15 13:50:13 INFO SparkContext: Starting job: collect at utils.scala:24
22/03/15 13:50:13 INFO DAGScheduler: Got job 6 (collect at utils.scala:24) with 1 output partitions
22/03/15 13:50:13 INFO DAGScheduler: Final stage: ResultStage 6 (collect at utils.scala:24)
22/03/15 13:50:13 INFO DAGScheduler: Parents of final stage: List()
22/03/15 13:50:13 INFO DAGScheduler: Missing parents: List()
22/03/15 13:50:13 INFO DAGScheduler: Submitting ResultStage 6 (MapPartitionsRDD[27] at collect at utils.scala:24), which has no missing parents
22/03/15 13:50:13 INFO MemoryStore: Block broadcast_6 stored as values in memory (estimated size 16.7 KB, free 912.3 MB)
22/03/15 13:50:13 INFO MemoryStore: Block broadcast_6_piece0 stored as bytes in memory (estimated size 7.6 KB, free 912.3 MB)
22/03/15 13:50:13 INFO BlockManagerInfo: Added broadcast_6_piece0 in memory on 127.0.0.1:49682 (size: 7.6 KB, free: 912.3 MB)
22/03/15 13:50:13 INFO SparkContext: Created broadcast 6 from broadcast at DAGScheduler.scala:1163
22/03/15 13:50:13 INFO DAGScheduler: Submitting 1 missing tasks from ResultStage 6 (MapPartitionsRDD[27] at collect at utils.scala:24) (first 15 tasks are for partitions Vector(0))
22/03/15 13:50:13 INFO TaskSchedulerImpl: Adding task set 6.0 with 1 tasks
22/03/15 13:50:13 WARN TaskSetManager: Stage 6 contains a task of very large size (2802 KB). The maximum recommended task size is 100 KB.
22/03/15 13:50:13 INFO TaskSetManager: Starting task 0.0 in stage 6.0 (TID 6, localhost, executor driver, partition 0, PROCESS_LOCAL, 2869377 bytes)
22/03/15 13:50:13 INFO Executor: Running task 0.0 in stage 6.0 (TID 6)
22/03/15 13:50:13 INFO CodeGenerator: Code generated in 19.4372 ms
22/03/15 13:50:13 INFO MemoryStore: Block rdd_23_0 stored as values in memory (estimated size 1599.3 KB, free 910.7 MB)
22/03/15 13:50:13 INFO BlockManagerInfo: Added rdd_23_0 in memory on 127.0.0.1:49682 (size: 1599.3 KB, free: 910.7 MB)
22/03/15 13:50:13 INFO CodeGenerator: Code generated in 4.8014 ms
22/03/15 13:50:13 INFO CodeGenerator: Code generated in 30.3228 ms
22/03/15 13:50:13 INFO Executor: Finished task 0.0 in stage 6.0 (TID 6). 1012635 bytes result sent to driver
22/03/15 13:50:13 INFO TaskSetManager: Finished task 0.0 in stage 6.0 (TID 6) in 413 ms on localhost (executor driver) (1/1)
22/03/15 13:50:13 INFO TaskSchedulerImpl: Removed TaskSet 6.0, whose tasks have all completed, from pool 
22/03/15 13:50:13 INFO DAGScheduler: ResultStage 6 (collect at utils.scala:24) finished in 0.423 s
22/03/15 13:50:13 INFO DAGScheduler: Job 6 finished: collect at utils.scala:24, took 0.428231 s
22/03/15 13:53:03 INFO ContextCleaner: Cleaned accumulator 183
22/03/15 13:53:03 INFO ContextCleaner: Cleaned accumulator 190
22/03/15 13:53:03 INFO ContextCleaner: Cleaned accumulator 185
22/03/15 13:53:03 INFO ContextCleaner: Cleaned accumulator 151
22/03/15 13:53:03 INFO ContextCleaner: Cleaned accumulator 159
22/03/15 13:53:03 INFO ContextCleaner: Cleaned accumulator 200
22/03/15 13:53:03 INFO ContextCleaner: Cleaned accumulator 157
22/03/15 13:53:03 INFO ContextCleaner: Cleaned accumulator 191
22/03/15 13:53:03 INFO ContextCleaner: Cleaned accumulator 164
22/03/15 13:53:03 INFO ContextCleaner: Cleaned accumulator 181
22/03/15 13:53:03 INFO ContextCleaner: Cleaned accumulator 179
22/03/15 13:53:03 INFO ContextCleaner: Cleaned accumulator 152
22/03/15 13:53:03 INFO ContextCleaner: Cleaned accumulator 170
22/03/15 13:53:03 INFO ContextCleaner: Cleaned accumulator 172
22/03/15 13:53:03 INFO ContextCleaner: Cleaned accumulator 199
22/03/15 13:53:03 INFO ContextCleaner: Cleaned accumulator 153
22/03/15 13:53:03 INFO ContextCleaner: Cleaned accumulator 186
22/03/15 13:53:03 INFO ContextCleaner: Cleaned accumulator 147
22/03/15 13:53:03 INFO ContextCleaner: Cleaned accumulator 156
22/03/15 13:53:03 INFO ContextCleaner: Cleaned accumulator 167
22/03/15 13:53:03 INFO ContextCleaner: Cleaned accumulator 171
22/03/15 13:53:03 INFO ContextCleaner: Cleaned accumulator 165
22/03/15 13:53:03 INFO ContextCleaner: Cleaned accumulator 160
22/03/15 13:53:03 INFO ContextCleaner: Cleaned accumulator 189
22/03/15 13:53:03 INFO ContextCleaner: Cleaned accumulator 198
22/03/15 13:53:03 INFO ContextCleaner: Cleaned accumulator 201
22/03/15 13:53:03 INFO ContextCleaner: Cleaned accumulator 178
22/03/15 13:53:03 INFO ContextCleaner: Cleaned accumulator 168
22/03/15 13:53:03 INFO ContextCleaner: Cleaned accumulator 194
22/03/15 13:53:03 INFO ContextCleaner: Cleaned accumulator 158
22/03/15 13:53:03 INFO ContextCleaner: Cleaned accumulator 148
22/03/15 13:53:03 INFO ContextCleaner: Cleaned accumulator 196
22/03/15 13:53:03 INFO ContextCleaner: Cleaned accumulator 146
22/03/15 13:53:03 INFO ContextCleaner: Cleaned accumulator 176
22/03/15 13:53:03 INFO ContextCleaner: Cleaned accumulator 195
22/03/15 13:53:03 INFO ContextCleaner: Cleaned accumulator 166
22/03/15 13:53:03 INFO BlockManagerInfo: Removed broadcast_5_piece0 on 127.0.0.1:49682 in memory (size: 3.4 KB, free: 910.7 MB)
22/03/15 13:53:03 INFO ContextCleaner: Cleaned accumulator 182
22/03/15 13:53:03 INFO ContextCleaner: Cleaned accumulator 169
22/03/15 13:53:03 INFO ContextCleaner: Cleaned accumulator 163
22/03/15 13:53:03 INFO ContextCleaner: Cleaned accumulator 188
22/03/15 13:53:03 INFO ContextCleaner: Cleaned accumulator 161
22/03/15 13:53:03 INFO ContextCleaner: Cleaned accumulator 197
22/03/15 13:53:03 INFO ContextCleaner: Cleaned accumulator 192
22/03/15 13:53:03 INFO ContextCleaner: Cleaned accumulator 162
22/03/15 13:53:03 INFO ContextCleaner: Cleaned accumulator 155
22/03/15 13:53:03 INFO ContextCleaner: Cleaned accumulator 202
22/03/15 13:53:03 INFO BlockManagerInfo: Removed broadcast_6_piece0 on 127.0.0.1:49682 in memory (size: 7.6 KB, free: 910.7 MB)
22/03/15 13:53:03 INFO ContextCleaner: Cleaned accumulator 180
22/03/15 13:53:03 INFO ContextCleaner: Cleaned accumulator 173
22/03/15 13:53:03 INFO ContextCleaner: Cleaned accumulator 174
22/03/15 13:53:03 INFO ContextCleaner: Cleaned accumulator 193
22/03/15 13:53:03 INFO ContextCleaner: Cleaned accumulator 154
22/03/15 13:53:03 INFO ContextCleaner: Cleaned accumulator 175
22/03/15 13:53:03 INFO ContextCleaner: Cleaned accumulator 184
22/03/15 13:53:03 INFO ContextCleaner: Cleaned accumulator 150
22/03/15 13:53:03 INFO ContextCleaner: Cleaned accumulator 187
22/03/15 13:53:03 INFO ContextCleaner: Cleaned accumulator 149
22/03/15 13:53:03 INFO CodeGenerator: Code generated in 11.2489 ms
22/03/15 13:53:03 INFO CodeGenerator: Code generated in 10.8891 ms
22/03/15 13:53:03 INFO SparkContext: Starting job: count at NativeMethodAccessorImpl.java:0
22/03/15 13:53:03 INFO DAGScheduler: Registering RDD 31 (count at NativeMethodAccessorImpl.java:0) as input to shuffle 0
22/03/15 13:53:03 INFO DAGScheduler: Got job 7 (count at NativeMethodAccessorImpl.java:0) with 1 output partitions
22/03/15 13:53:03 INFO DAGScheduler: Final stage: ResultStage 8 (count at NativeMethodAccessorImpl.java:0)
22/03/15 13:53:03 INFO DAGScheduler: Parents of final stage: List(ShuffleMapStage 7)
22/03/15 13:53:03 INFO DAGScheduler: Missing parents: List(ShuffleMapStage 7)
22/03/15 13:53:03 INFO DAGScheduler: Submitting ShuffleMapStage 7 (MapPartitionsRDD[31] at count at NativeMethodAccessorImpl.java:0), which has no missing parents
22/03/15 13:53:03 INFO MemoryStore: Block broadcast_7 stored as values in memory (estimated size 8.0 KB, free 910.7 MB)
22/03/15 13:53:03 INFO MemoryStore: Block broadcast_7_piece0 stored as bytes in memory (estimated size 4.3 KB, free 910.7 MB)
22/03/15 13:53:03 INFO BlockManagerInfo: Added broadcast_7_piece0 in memory on 127.0.0.1:49682 (size: 4.3 KB, free: 910.7 MB)
22/03/15 13:53:03 INFO SparkContext: Created broadcast 7 from broadcast at DAGScheduler.scala:1163
22/03/15 13:53:03 INFO DAGScheduler: Submitting 1 missing tasks from ShuffleMapStage 7 (MapPartitionsRDD[31] at count at NativeMethodAccessorImpl.java:0) (first 15 tasks are for partitions Vector(0))
22/03/15 13:53:03 INFO TaskSchedulerImpl: Adding task set 7.0 with 1 tasks
22/03/15 13:53:03 INFO TaskSetManager: Starting task 0.0 in stage 7.0 (TID 7, localhost, executor driver, partition 0, PROCESS_LOCAL, 7882 bytes)
22/03/15 13:53:03 INFO Executor: Running task 0.0 in stage 7.0 (TID 7)
22/03/15 13:53:03 INFO Executor: Finished task 0.0 in stage 7.0 (TID 7). 1499 bytes result sent to driver
22/03/15 13:53:03 INFO TaskSetManager: Finished task 0.0 in stage 7.0 (TID 7) in 69 ms on localhost (executor driver) (1/1)
22/03/15 13:53:03 INFO TaskSchedulerImpl: Removed TaskSet 7.0, whose tasks have all completed, from pool 
22/03/15 13:53:03 INFO DAGScheduler: ShuffleMapStage 7 (count at NativeMethodAccessorImpl.java:0) finished in 0.082 s
22/03/15 13:53:03 INFO DAGScheduler: looking for newly runnable stages
22/03/15 13:53:03 INFO DAGScheduler: running: Set()
22/03/15 13:53:03 INFO DAGScheduler: waiting: Set(ResultStage 8)
22/03/15 13:53:03 INFO DAGScheduler: failed: Set()
22/03/15 13:53:03 INFO DAGScheduler: Submitting ResultStage 8 (MapPartitionsRDD[34] at count at NativeMethodAccessorImpl.java:0), which has no missing parents
22/03/15 13:53:03 INFO MemoryStore: Block broadcast_8 stored as values in memory (estimated size 7.3 KB, free 910.7 MB)
22/03/15 13:53:03 INFO MemoryStore: Block broadcast_8_piece0 stored as bytes in memory (estimated size 3.9 KB, free 910.7 MB)
22/03/15 13:53:03 INFO BlockManagerInfo: Added broadcast_8_piece0 in memory on 127.0.0.1:49682 (size: 3.9 KB, free: 910.7 MB)
22/03/15 13:53:03 INFO SparkContext: Created broadcast 8 from broadcast at DAGScheduler.scala:1163
22/03/15 13:53:03 INFO DAGScheduler: Submitting 1 missing tasks from ResultStage 8 (MapPartitionsRDD[34] at count at NativeMethodAccessorImpl.java:0) (first 15 tasks are for partitions Vector(0))
22/03/15 13:53:03 INFO TaskSchedulerImpl: Adding task set 8.0 with 1 tasks
22/03/15 13:53:03 INFO TaskSetManager: Starting task 0.0 in stage 8.0 (TID 8, localhost, executor driver, partition 0, ANY, 7767 bytes)
22/03/15 13:53:03 INFO Executor: Running task 0.0 in stage 8.0 (TID 8)
22/03/15 13:53:03 INFO ShuffleBlockFetcherIterator: Getting 1 non-empty blocks including 1 local blocks and 0 remote blocks
22/03/15 13:53:03 INFO ShuffleBlockFetcherIterator: Started 0 remote fetches in 12 ms
22/03/15 13:53:03 INFO Executor: Finished task 0.0 in stage 8.0 (TID 8). 1732 bytes result sent to driver
22/03/15 13:53:03 INFO TaskSetManager: Finished task 0.0 in stage 8.0 (TID 8) in 61 ms on localhost (executor driver) (1/1)
22/03/15 13:53:03 INFO TaskSchedulerImpl: Removed TaskSet 8.0, whose tasks have all completed, from pool 
22/03/15 13:53:03 INFO DAGScheduler: ResultStage 8 (count at NativeMethodAccessorImpl.java:0) finished in 0.074 s
22/03/15 13:53:03 INFO DAGScheduler: Job 7 finished: count at NativeMethodAccessorImpl.java:0, took 0.186192 s
22/03/15 13:53:03 INFO HiveMetaStore: 0: get_database: default
22/03/15 13:53:03 INFO audit: ugi=Jonny	ip=unknown-ip-addr	cmd=get_database: default	
22/03/15 13:53:03 INFO HiveMetaStore: 0: get_database: default
22/03/15 13:53:03 INFO audit: ugi=Jonny	ip=unknown-ip-addr	cmd=get_database: default	
22/03/15 13:53:03 INFO HiveMetaStore: 0: get_tables: db=default pat=avocado_without_index
22/03/15 13:53:03 INFO audit: ugi=Jonny	ip=unknown-ip-addr	cmd=get_tables: db=default pat=avocado_without_index	
22/03/15 13:53:04 INFO CodeGenerator: Code generated in 12.4581 ms
22/03/15 13:53:04 INFO CodeGenerator: Code generated in 8.0213 ms
22/03/15 13:53:04 INFO SparkContext: Starting job: collect at utils.scala:24
22/03/15 13:53:04 INFO DAGScheduler: Got job 8 (collect at utils.scala:24) with 1 output partitions
22/03/15 13:53:04 INFO DAGScheduler: Final stage: ResultStage 9 (collect at utils.scala:24)
22/03/15 13:53:04 INFO DAGScheduler: Parents of final stage: List()
22/03/15 13:53:04 INFO DAGScheduler: Missing parents: List()
22/03/15 13:53:04 INFO DAGScheduler: Submitting ResultStage 9 (MapPartitionsRDD[37] at collect at utils.scala:24), which has no missing parents
22/03/15 13:53:04 INFO MemoryStore: Block broadcast_9 stored as values in memory (estimated size 6.8 KB, free 910.7 MB)
22/03/15 13:53:04 INFO MemoryStore: Block broadcast_9_piece0 stored as bytes in memory (estimated size 3.4 KB, free 910.7 MB)
22/03/15 13:53:04 INFO BlockManagerInfo: Added broadcast_9_piece0 in memory on 127.0.0.1:49682 (size: 3.4 KB, free: 910.7 MB)
22/03/15 13:53:04 INFO SparkContext: Created broadcast 9 from broadcast at DAGScheduler.scala:1163
22/03/15 13:53:04 INFO DAGScheduler: Submitting 1 missing tasks from ResultStage 9 (MapPartitionsRDD[37] at collect at utils.scala:24) (first 15 tasks are for partitions Vector(0))
22/03/15 13:53:04 INFO TaskSchedulerImpl: Adding task set 9.0 with 1 tasks
22/03/15 13:53:04 INFO TaskSetManager: Starting task 0.0 in stage 9.0 (TID 9, localhost, executor driver, partition 0, PROCESS_LOCAL, 8080 bytes)
22/03/15 13:53:04 INFO Executor: Running task 0.0 in stage 9.0 (TID 9)
22/03/15 13:53:04 INFO Executor: Finished task 0.0 in stage 9.0 (TID 9). 1200 bytes result sent to driver
22/03/15 13:53:04 INFO TaskSetManager: Finished task 0.0 in stage 9.0 (TID 9) in 10 ms on localhost (executor driver) (1/1)
22/03/15 13:53:04 INFO TaskSchedulerImpl: Removed TaskSet 9.0, whose tasks have all completed, from pool 
22/03/15 13:53:04 INFO DAGScheduler: ResultStage 9 (collect at utils.scala:24) finished in 0.065 s
22/03/15 13:53:04 INFO DAGScheduler: Job 8 finished: collect at utils.scala:24, took 0.068491 s
22/03/15 13:53:04 INFO CodeGenerator: Code generated in 14.1375 ms
22/03/15 13:53:04 INFO SparkContext: Starting job: sql at <unknown>:0
22/03/15 13:53:04 INFO DAGScheduler: Registering RDD 45 (sql at <unknown>:0) as input to shuffle 1
22/03/15 13:53:04 INFO DAGScheduler: Got job 9 (sql at <unknown>:0) with 1 output partitions
22/03/15 13:53:04 INFO DAGScheduler: Final stage: ResultStage 11 (sql at <unknown>:0)
22/03/15 13:53:04 INFO DAGScheduler: Parents of final stage: List(ShuffleMapStage 10)
22/03/15 13:53:04 INFO DAGScheduler: Missing parents: List(ShuffleMapStage 10)
22/03/15 13:53:04 INFO DAGScheduler: Submitting ShuffleMapStage 10 (MapPartitionsRDD[45] at sql at <unknown>:0), which has no missing parents
22/03/15 13:53:04 INFO MemoryStore: Block broadcast_10 stored as values in memory (estimated size 26.2 KB, free 910.7 MB)
22/03/15 13:53:04 INFO MemoryStore: Block broadcast_10_piece0 stored as bytes in memory (estimated size 10.5 KB, free 910.7 MB)
22/03/15 13:53:04 INFO BlockManagerInfo: Added broadcast_10_piece0 in memory on 127.0.0.1:49682 (size: 10.5 KB, free: 910.7 MB)
22/03/15 13:53:04 INFO SparkContext: Created broadcast 10 from broadcast at DAGScheduler.scala:1163
22/03/15 13:53:04 INFO DAGScheduler: Submitting 1 missing tasks from ShuffleMapStage 10 (MapPartitionsRDD[45] at sql at <unknown>:0) (first 15 tasks are for partitions Vector(0))
22/03/15 13:53:04 INFO TaskSchedulerImpl: Adding task set 10.0 with 1 tasks
22/03/15 13:53:04 WARN TaskSetManager: Stage 10 contains a task of very large size (2802 KB). The maximum recommended task size is 100 KB.
22/03/15 13:53:04 INFO TaskSetManager: Starting task 0.0 in stage 10.0 (TID 10, localhost, executor driver, partition 0, PROCESS_LOCAL, 2869366 bytes)
22/03/15 13:53:04 INFO Executor: Running task 0.0 in stage 10.0 (TID 10)
22/03/15 13:53:04 INFO MemoryStore: Block rdd_40_0 stored as values in memory (estimated size 1456.5 KB, free 909.2 MB)
22/03/15 13:53:04 INFO BlockManagerInfo: Added rdd_40_0 in memory on 127.0.0.1:49682 (size: 1456.5 KB, free: 909.3 MB)
22/03/15 13:53:04 INFO CodeGenerator: Code generated in 10.1578 ms
22/03/15 13:53:04 INFO Executor: Finished task 0.0 in stage 10.0 (TID 10). 1785 bytes result sent to driver
22/03/15 13:53:04 INFO TaskSetManager: Finished task 0.0 in stage 10.0 (TID 10) in 186 ms on localhost (executor driver) (1/1)
22/03/15 13:53:04 INFO TaskSchedulerImpl: Removed TaskSet 10.0, whose tasks have all completed, from pool 
22/03/15 13:53:04 INFO DAGScheduler: ShuffleMapStage 10 (sql at <unknown>:0) finished in 0.204 s
22/03/15 13:53:04 INFO DAGScheduler: looking for newly runnable stages
22/03/15 13:53:04 INFO DAGScheduler: running: Set()
22/03/15 13:53:04 INFO DAGScheduler: waiting: Set(ResultStage 11)
22/03/15 13:53:04 INFO DAGScheduler: failed: Set()
22/03/15 13:53:04 INFO DAGScheduler: Submitting ResultStage 11 (MapPartitionsRDD[48] at sql at <unknown>:0), which has no missing parents
22/03/15 13:53:04 INFO MemoryStore: Block broadcast_11 stored as values in memory (estimated size 7.3 KB, free 909.2 MB)
22/03/15 13:53:04 INFO MemoryStore: Block broadcast_11_piece0 stored as bytes in memory (estimated size 3.9 KB, free 909.2 MB)
22/03/15 13:53:04 INFO BlockManagerInfo: Added broadcast_11_piece0 in memory on 127.0.0.1:49682 (size: 3.9 KB, free: 909.3 MB)
22/03/15 13:53:04 INFO SparkContext: Created broadcast 11 from broadcast at DAGScheduler.scala:1163
22/03/15 13:53:04 INFO DAGScheduler: Submitting 1 missing tasks from ResultStage 11 (MapPartitionsRDD[48] at sql at <unknown>:0) (first 15 tasks are for partitions Vector(0))
22/03/15 13:53:04 INFO TaskSchedulerImpl: Adding task set 11.0 with 1 tasks
22/03/15 13:53:04 INFO TaskSetManager: Starting task 0.0 in stage 11.0 (TID 11, localhost, executor driver, partition 0, ANY, 7767 bytes)
22/03/15 13:53:04 INFO Executor: Running task 0.0 in stage 11.0 (TID 11)
22/03/15 13:53:04 INFO ShuffleBlockFetcherIterator: Getting 1 non-empty blocks including 1 local blocks and 0 remote blocks
22/03/15 13:53:04 INFO ShuffleBlockFetcherIterator: Started 0 remote fetches in 0 ms
22/03/15 13:53:04 INFO Executor: Finished task 0.0 in stage 11.0 (TID 11). 1696 bytes result sent to driver
22/03/15 13:53:04 INFO TaskSetManager: Finished task 0.0 in stage 11.0 (TID 11) in 3 ms on localhost (executor driver) (1/1)
22/03/15 13:53:04 INFO TaskSchedulerImpl: Removed TaskSet 11.0, whose tasks have all completed, from pool 
22/03/15 13:53:04 INFO DAGScheduler: ResultStage 11 (sql at <unknown>:0) finished in 0.009 s
22/03/15 13:53:04 INFO DAGScheduler: Job 9 finished: sql at <unknown>:0, took 0.216208 s
22/03/15 13:53:04 INFO ContextCleaner: Cleaned accumulator 221
22/03/15 13:53:04 INFO ContextCleaner: Cleaned accumulator 258
22/03/15 13:53:04 INFO ContextCleaner: Cleaned accumulator 358
22/03/15 13:53:04 INFO ContextCleaner: Cleaned accumulator 244
22/03/15 13:53:04 INFO ContextCleaner: Cleaned accumulator 243
22/03/15 13:53:04 INFO BlockManagerInfo: Removed broadcast_10_piece0 on 127.0.0.1:49682 in memory (size: 10.5 KB, free: 909.3 MB)
22/03/15 13:53:04 INFO ContextCleaner: Cleaned accumulator 213
22/03/15 13:53:04 INFO ContextCleaner: Cleaned accumulator 254
22/03/15 13:53:04 INFO ContextCleaner: Cleaned accumulator 271
22/03/15 13:53:04 INFO ContextCleaner: Cleaned accumulator 276
22/03/15 13:53:04 INFO ContextCleaner: Cleaned accumulator 293
22/03/15 13:53:04 INFO ContextCleaner: Cleaned accumulator 246
22/03/15 13:53:04 INFO ContextCleaner: Cleaned accumulator 363
22/03/15 13:53:04 INFO ContextCleaner: Cleaned accumulator 275
22/03/15 13:53:04 INFO ContextCleaner: Cleaned accumulator 288
22/03/15 13:53:04 INFO ContextCleaner: Cleaned accumulator 352
22/03/15 13:53:04 INFO ContextCleaner: Cleaned accumulator 364
22/03/15 13:53:04 INFO ContextCleaner: Cleaned shuffle 1
22/03/15 13:53:04 INFO ContextCleaner: Cleaned accumulator 281
22/03/15 13:53:04 INFO ContextCleaner: Cleaned accumulator 245
22/03/15 13:53:04 INFO ContextCleaner: Cleaned accumulator 217
22/03/15 13:53:04 INFO ContextCleaner: Cleaned accumulator 231
22/03/15 13:53:04 INFO ContextCleaner: Cleaned accumulator 263
22/03/15 13:53:04 INFO ContextCleaner: Cleaned accumulator 257
22/03/15 13:53:04 INFO ContextCleaner: Cleaned accumulator 355
22/03/15 13:53:04 INFO ContextCleaner: Cleaned accumulator 345
22/03/15 13:53:04 INFO ContextCleaner: Cleaned accumulator 320
22/03/15 13:53:04 INFO ContextCleaner: Cleaned accumulator 274
22/03/15 13:53:04 INFO ContextCleaner: Cleaned accumulator 299
22/03/15 13:53:04 INFO ContextCleaner: Cleaned accumulator 210
22/03/15 13:53:04 INFO ContextCleaner: Cleaned accumulator 336
22/03/15 13:53:04 INFO ContextCleaner: Cleaned accumulator 251
22/03/15 13:53:04 INFO ContextCleaner: Cleaned accumulator 218
22/03/15 13:53:04 INFO ContextCleaner: Cleaned accumulator 233
22/03/15 13:53:04 INFO ContextCleaner: Cleaned accumulator 292
22/03/15 13:53:04 INFO ContextCleaner: Cleaned accumulator 357
22/03/15 13:53:04 INFO ContextCleaner: Cleaned accumulator 215
22/03/15 13:53:04 INFO ContextCleaner: Cleaned accumulator 316
22/03/15 13:53:04 INFO ContextCleaner: Cleaned accumulator 324
22/03/15 13:53:04 INFO ContextCleaner: Cleaned accumulator 273
22/03/15 13:53:04 INFO ContextCleaner: Cleaned accumulator 264
22/03/15 13:53:04 INFO ContextCleaner: Cleaned accumulator 240
22/03/15 13:53:04 INFO ContextCleaner: Cleaned accumulator 282
22/03/15 13:53:04 INFO ContextCleaner: Cleaned accumulator 297
22/03/15 13:53:04 INFO ContextCleaner: Cleaned accumulator 305
22/03/15 13:53:04 INFO ContextCleaner: Cleaned accumulator 300
22/03/15 13:53:04 INFO CodeGenerator: Code generated in 7.9614 ms
22/03/15 13:53:04 INFO BlockManagerInfo: Removed broadcast_7_piece0 on 127.0.0.1:49682 in memory (size: 4.3 KB, free: 909.3 MB)
22/03/15 13:53:04 INFO ContextCleaner: Cleaned accumulator 356
22/03/15 13:53:04 INFO ContextCleaner: Cleaned accumulator 294
22/03/15 13:53:04 INFO ContextCleaner: Cleaned accumulator 350
22/03/15 13:53:04 INFO ContextCleaner: Cleaned accumulator 230
22/03/15 13:53:04 INFO ContextCleaner: Cleaned accumulator 332
22/03/15 13:53:04 INFO ContextCleaner: Cleaned accumulator 234
22/03/15 13:53:04 INFO ContextCleaner: Cleaned accumulator 321
22/03/15 13:53:04 INFO ContextCleaner: Cleaned accumulator 223
22/03/15 13:53:04 INFO ContextCleaner: Cleaned accumulator 266
22/03/15 13:53:04 INFO ContextCleaner: Cleaned accumulator 325
22/03/15 13:53:04 INFO ContextCleaner: Cleaned accumulator 208
22/03/15 13:53:04 INFO ContextCleaner: Cleaned accumulator 259
22/03/15 13:53:04 INFO ContextCleaner: Cleaned accumulator 342
22/03/15 13:53:04 INFO ContextCleaner: Cleaned accumulator 232
22/03/15 13:53:04 INFO ContextCleaner: Cleaned accumulator 261
22/03/15 13:53:04 INFO ContextCleaner: Cleaned accumulator 360
22/03/15 13:53:04 INFO ContextCleaner: Cleaned accumulator 214
22/03/15 13:53:04 INFO ContextCleaner: Cleaned accumulator 241
22/03/15 13:53:04 INFO ContextCleaner: Cleaned accumulator 250
22/03/15 13:53:04 INFO ContextCleaner: Cleaned accumulator 216
22/03/15 13:53:04 INFO ContextCleaner: Cleaned accumulator 280
22/03/15 13:53:04 INFO ContextCleaner: Cleaned accumulator 334
22/03/15 13:53:04 INFO ContextCleaner: Cleaned accumulator 295
22/03/15 13:53:04 INFO ContextCleaner: Cleaned accumulator 337
22/03/15 13:53:04 INFO ContextCleaner: Cleaned accumulator 225
22/03/15 13:53:04 INFO ContextCleaner: Cleaned accumulator 211
22/03/15 13:53:04 INFO ContextCleaner: Cleaned accumulator 354
22/03/15 13:53:04 INFO ContextCleaner: Cleaned accumulator 311
22/03/15 13:53:04 INFO ContextCleaner: Cleaned accumulator 255
22/03/15 13:53:04 INFO ContextCleaner: Cleaned accumulator 329
22/03/15 13:53:04 INFO ContextCleaner: Cleaned accumulator 339
22/03/15 13:53:04 INFO ContextCleaner: Cleaned accumulator 286
22/03/15 13:53:04 INFO ContextCleaner: Cleaned accumulator 287
22/03/15 13:53:04 INFO ContextCleaner: Cleaned accumulator 302
22/03/15 13:53:04 INFO ContextCleaner: Cleaned accumulator 207
22/03/15 13:53:04 INFO ContextCleaner: Cleaned accumulator 238
22/03/15 13:53:04 INFO ContextCleaner: Cleaned accumulator 205
22/03/15 13:53:04 INFO ContextCleaner: Cleaned accumulator 249
22/03/15 13:53:04 INFO ContextCleaner: Cleaned accumulator 268
22/03/15 13:53:04 INFO ContextCleaner: Cleaned accumulator 222
22/03/15 13:53:04 INFO ContextCleaner: Cleaned accumulator 317
22/03/15 13:53:04 INFO ContextCleaner: Cleaned accumulator 267
22/03/15 13:53:04 INFO ContextCleaner: Cleaned accumulator 204
22/03/15 13:53:04 INFO ContextCleaner: Cleaned accumulator 318
22/03/15 13:53:04 INFO ContextCleaner: Cleaned accumulator 278
22/03/15 13:53:04 INFO ContextCleaner: Cleaned accumulator 361
22/03/15 13:53:04 INFO BlockManagerInfo: Removed broadcast_8_piece0 on 127.0.0.1:49682 in memory (size: 3.9 KB, free: 909.3 MB)
22/03/15 13:53:04 INFO ContextCleaner: Cleaned accumulator 256
22/03/15 13:53:04 INFO ContextCleaner: Cleaned accumulator 279
22/03/15 13:53:04 INFO ContextCleaner: Cleaned accumulator 298
22/03/15 13:53:04 INFO ContextCleaner: Cleaned accumulator 269
22/03/15 13:53:04 INFO ContextCleaner: Cleaned accumulator 307
22/03/15 13:53:04 INFO ContextCleaner: Cleaned accumulator 285
22/03/15 13:53:04 INFO ContextCleaner: Cleaned accumulator 253
22/03/15 13:53:04 INFO ContextCleaner: Cleaned accumulator 319
22/03/15 13:53:04 INFO BlockManagerInfo: Removed broadcast_9_piece0 on 127.0.0.1:49682 in memory (size: 3.4 KB, free: 909.3 MB)
22/03/15 13:53:04 INFO ContextCleaner: Cleaned accumulator 239
22/03/15 13:53:04 INFO ContextCleaner: Cleaned accumulator 212
22/03/15 13:53:04 INFO ContextCleaner: Cleaned accumulator 333
22/03/15 13:53:04 INFO ContextCleaner: Cleaned accumulator 260
22/03/15 13:53:04 INFO ContextCleaner: Cleaned accumulator 353
22/03/15 13:53:04 INFO ContextCleaner: Cleaned accumulator 346
22/03/15 13:53:04 INFO ContextCleaner: Cleaned accumulator 284
22/03/15 13:53:04 INFO ContextCleaner: Cleaned accumulator 289
22/03/15 13:53:04 INFO ContextCleaner: Cleaned accumulator 322
22/03/15 13:53:04 INFO ContextCleaner: Cleaned accumulator 220
22/03/15 13:53:04 INFO ContextCleaner: Cleaned accumulator 247
22/03/15 13:53:04 INFO ContextCleaner: Cleaned accumulator 209
22/03/15 13:53:04 INFO ContextCleaner: Cleaned accumulator 312
22/03/15 13:53:04 INFO ContextCleaner: Cleaned accumulator 359
22/03/15 13:53:04 INFO ContextCleaner: Cleaned accumulator 328
22/03/15 13:53:04 INFO ContextCleaner: Cleaned accumulator 229
22/03/15 13:53:04 INFO ContextCleaner: Cleaned shuffle 0
22/03/15 13:53:04 INFO ContextCleaner: Cleaned accumulator 347
22/03/15 13:53:04 INFO BlockManagerInfo: Removed broadcast_11_piece0 on 127.0.0.1:49682 in memory (size: 3.9 KB, free: 909.3 MB)
22/03/15 13:53:04 INFO ContextCleaner: Cleaned accumulator 310
22/03/15 13:53:04 INFO ContextCleaner: Cleaned accumulator 309
22/03/15 13:53:04 INFO ContextCleaner: Cleaned accumulator 219
22/03/15 13:53:04 INFO ContextCleaner: Cleaned accumulator 331
22/03/15 13:53:04 INFO ContextCleaner: Cleaned accumulator 349
22/03/15 13:53:04 INFO ContextCleaner: Cleaned accumulator 304
22/03/15 13:53:04 INFO ContextCleaner: Cleaned accumulator 341
22/03/15 13:53:04 INFO ContextCleaner: Cleaned accumulator 236
22/03/15 13:53:04 INFO ContextCleaner: Cleaned accumulator 343
22/03/15 13:53:04 INFO ContextCleaner: Cleaned accumulator 326
22/03/15 13:53:04 INFO ContextCleaner: Cleaned accumulator 290
22/03/15 13:53:04 INFO ContextCleaner: Cleaned accumulator 327
22/03/15 13:53:04 INFO ContextCleaner: Cleaned accumulator 303
22/03/15 13:53:04 INFO ContextCleaner: Cleaned accumulator 351
22/03/15 13:53:04 INFO ContextCleaner: Cleaned accumulator 262
22/03/15 13:53:04 INFO ContextCleaner: Cleaned accumulator 308
22/03/15 13:53:04 INFO ContextCleaner: Cleaned accumulator 301
22/03/15 13:53:04 INFO ContextCleaner: Cleaned accumulator 365
22/03/15 13:53:04 INFO ContextCleaner: Cleaned accumulator 338
22/03/15 13:53:04 INFO ContextCleaner: Cleaned accumulator 235
22/03/15 13:53:04 INFO ContextCleaner: Cleaned accumulator 237
22/03/15 13:53:04 INFO ContextCleaner: Cleaned accumulator 270
22/03/15 13:53:04 INFO ContextCleaner: Cleaned accumulator 203
22/03/15 13:53:04 INFO ContextCleaner: Cleaned accumulator 252
22/03/15 13:53:04 INFO ContextCleaner: Cleaned accumulator 335
22/03/15 13:53:04 INFO ContextCleaner: Cleaned accumulator 283
22/03/15 13:53:04 INFO ContextCleaner: Cleaned accumulator 291
22/03/15 13:53:04 INFO ContextCleaner: Cleaned accumulator 315
22/03/15 13:53:04 INFO ContextCleaner: Cleaned accumulator 344
22/03/15 13:53:04 INFO ContextCleaner: Cleaned accumulator 272
22/03/15 13:53:04 INFO ContextCleaner: Cleaned accumulator 226
22/03/15 13:53:04 INFO ContextCleaner: Cleaned accumulator 277
22/03/15 13:53:04 INFO ContextCleaner: Cleaned accumulator 227
22/03/15 13:53:04 INFO ContextCleaner: Cleaned accumulator 330
22/03/15 13:53:04 INFO ContextCleaner: Cleaned accumulator 206
22/03/15 13:53:04 INFO ContextCleaner: Cleaned accumulator 248
22/03/15 13:53:04 INFO ContextCleaner: Cleaned accumulator 323
22/03/15 13:53:04 INFO ContextCleaner: Cleaned accumulator 242
22/03/15 13:53:04 INFO ContextCleaner: Cleaned accumulator 228
22/03/15 13:53:04 INFO ContextCleaner: Cleaned accumulator 340
22/03/15 13:53:04 INFO ContextCleaner: Cleaned accumulator 224
22/03/15 13:53:04 INFO ContextCleaner: Cleaned accumulator 348
22/03/15 13:53:04 INFO ContextCleaner: Cleaned accumulator 362
22/03/15 13:53:04 INFO ContextCleaner: Cleaned accumulator 306
22/03/15 13:53:04 INFO ContextCleaner: Cleaned accumulator 265
22/03/15 13:53:04 INFO SparkContext: Starting job: collect at utils.scala:24
22/03/15 13:53:04 INFO DAGScheduler: Registering RDD 53 (collect at utils.scala:24) as input to shuffle 2
22/03/15 13:53:04 INFO DAGScheduler: Got job 10 (collect at utils.scala:24) with 1 output partitions
22/03/15 13:53:04 INFO DAGScheduler: Final stage: ResultStage 13 (collect at utils.scala:24)
22/03/15 13:53:04 INFO DAGScheduler: Parents of final stage: List(ShuffleMapStage 12)
22/03/15 13:53:04 INFO DAGScheduler: Missing parents: List(ShuffleMapStage 12)
22/03/15 13:53:04 INFO DAGScheduler: Submitting ShuffleMapStage 12 (MapPartitionsRDD[53] at collect at utils.scala:24), which has no missing parents
22/03/15 13:53:04 INFO MemoryStore: Block broadcast_12 stored as values in memory (estimated size 26.2 KB, free 909.3 MB)
22/03/15 13:53:04 INFO MemoryStore: Block broadcast_12_piece0 stored as bytes in memory (estimated size 10.4 KB, free 909.3 MB)
22/03/15 13:53:04 INFO BlockManagerInfo: Added broadcast_12_piece0 in memory on 127.0.0.1:49682 (size: 10.4 KB, free: 909.3 MB)
22/03/15 13:53:04 INFO SparkContext: Created broadcast 12 from broadcast at DAGScheduler.scala:1163
22/03/15 13:53:04 INFO DAGScheduler: Submitting 1 missing tasks from ShuffleMapStage 12 (MapPartitionsRDD[53] at collect at utils.scala:24) (first 15 tasks are for partitions Vector(0))
22/03/15 13:53:04 INFO TaskSchedulerImpl: Adding task set 12.0 with 1 tasks
22/03/15 13:53:04 WARN TaskSetManager: Stage 12 contains a task of very large size (2802 KB). The maximum recommended task size is 100 KB.
22/03/15 13:53:04 INFO TaskSetManager: Starting task 0.0 in stage 12.0 (TID 12, localhost, executor driver, partition 0, PROCESS_LOCAL, 2869366 bytes)
22/03/15 13:53:04 INFO Executor: Running task 0.0 in stage 12.0 (TID 12)
22/03/15 13:53:04 INFO BlockManager: Found block rdd_40_0 locally
22/03/15 13:53:04 INFO Executor: Finished task 0.0 in stage 12.0 (TID 12). 1828 bytes result sent to driver
22/03/15 13:53:04 INFO TaskSetManager: Finished task 0.0 in stage 12.0 (TID 12) in 28 ms on localhost (executor driver) (1/1)
22/03/15 13:53:04 INFO TaskSchedulerImpl: Removed TaskSet 12.0, whose tasks have all completed, from pool 
22/03/15 13:53:04 INFO DAGScheduler: ShuffleMapStage 12 (collect at utils.scala:24) finished in 0.041 s
22/03/15 13:53:04 INFO DAGScheduler: looking for newly runnable stages
22/03/15 13:53:04 INFO DAGScheduler: running: Set()
22/03/15 13:53:04 INFO DAGScheduler: waiting: Set(ResultStage 13)
22/03/15 13:53:04 INFO DAGScheduler: failed: Set()
22/03/15 13:53:04 INFO DAGScheduler: Submitting ResultStage 13 (MapPartitionsRDD[56] at collect at utils.scala:24), which has no missing parents
22/03/15 13:53:04 INFO MemoryStore: Block broadcast_13 stored as values in memory (estimated size 7.3 KB, free 909.3 MB)
22/03/15 13:53:04 INFO MemoryStore: Block broadcast_13_piece0 stored as bytes in memory (estimated size 3.9 KB, free 909.3 MB)
22/03/15 13:53:04 INFO BlockManagerInfo: Added broadcast_13_piece0 in memory on 127.0.0.1:49682 (size: 3.9 KB, free: 909.3 MB)
22/03/15 13:53:04 INFO SparkContext: Created broadcast 13 from broadcast at DAGScheduler.scala:1163
22/03/15 13:53:04 INFO DAGScheduler: Submitting 1 missing tasks from ResultStage 13 (MapPartitionsRDD[56] at collect at utils.scala:24) (first 15 tasks are for partitions Vector(0))
22/03/15 13:53:04 INFO TaskSchedulerImpl: Adding task set 13.0 with 1 tasks
22/03/15 13:53:04 INFO TaskSetManager: Starting task 0.0 in stage 13.0 (TID 13, localhost, executor driver, partition 0, ANY, 7767 bytes)
22/03/15 13:53:04 INFO Executor: Running task 0.0 in stage 13.0 (TID 13)
22/03/15 13:53:04 INFO ShuffleBlockFetcherIterator: Getting 1 non-empty blocks including 1 local blocks and 0 remote blocks
22/03/15 13:53:04 INFO ShuffleBlockFetcherIterator: Started 0 remote fetches in 1 ms
22/03/15 13:53:04 INFO Executor: Finished task 0.0 in stage 13.0 (TID 13). 1696 bytes result sent to driver
22/03/15 13:53:04 INFO TaskSetManager: Finished task 0.0 in stage 13.0 (TID 13) in 5 ms on localhost (executor driver) (1/1)
22/03/15 13:53:04 INFO TaskSchedulerImpl: Removed TaskSet 13.0, whose tasks have all completed, from pool 
22/03/15 13:53:04 INFO DAGScheduler: ResultStage 13 (collect at utils.scala:24) finished in 0.012 s
22/03/15 13:53:04 INFO DAGScheduler: Job 10 finished: collect at utils.scala:24, took 0.056979 s
22/03/15 13:53:04 INFO HiveMetaStore: 0: get_database: default
22/03/15 13:53:04 INFO audit: ugi=Jonny	ip=unknown-ip-addr	cmd=get_database: default	
22/03/15 13:53:04 INFO HiveMetaStore: 0: get_database: default
22/03/15 13:53:04 INFO audit: ugi=Jonny	ip=unknown-ip-addr	cmd=get_database: default	
22/03/15 13:53:04 INFO HiveMetaStore: 0: get_tables: db=default pat=*
22/03/15 13:53:04 INFO audit: ugi=Jonny	ip=unknown-ip-addr	cmd=get_tables: db=default pat=*	
22/03/15 13:56:56 INFO SparkContext: Invoking stop() from shutdown hook
22/03/15 13:56:56 INFO SparkUI: Stopped Spark web UI at http://127.0.0.1:4040
22/03/15 13:56:56 INFO MapOutputTrackerMasterEndpoint: MapOutputTrackerMasterEndpoint stopped!
22/03/15 13:56:56 INFO MemoryStore: MemoryStore cleared
22/03/15 13:56:56 INFO BlockManager: BlockManager stopped
22/03/15 13:56:56 INFO BlockManagerMaster: BlockManagerMaster stopped
22/03/15 13:56:56 INFO OutputCommitCoordinator$OutputCommitCoordinatorEndpoint: OutputCommitCoordinator stopped!
22/03/15 13:56:56 WARN SparkEnv: Exception while deleting Spark temp dir: C:\Users\Jonny\AppData\Local\spark\spark-2.4.5-bin-hadoop2.7\tmp\local\spark-cb07bf21-daeb-4217-ac71-7e6360a67dac\userFiles-a0029751-3e5b-4f5c-9c0a-a69cf43e91e7
java.io.IOException: Failed to delete: C:\Users\Jonny\AppData\Local\spark\spark-2.4.5-bin-hadoop2.7\tmp\local\spark-cb07bf21-daeb-4217-ac71-7e6360a67dac\userFiles-a0029751-3e5b-4f5c-9c0a-a69cf43e91e7\sparklyr-2.4-2.11.jar
	at org.apache.spark.network.util.JavaUtils.deleteRecursivelyUsingJavaIO(JavaUtils.java:144)
	at org.apache.spark.network.util.JavaUtils.deleteRecursively(JavaUtils.java:118)
	at org.apache.spark.network.util.JavaUtils.deleteRecursivelyUsingJavaIO(JavaUtils.java:128)
	at org.apache.spark.network.util.JavaUtils.deleteRecursively(JavaUtils.java:118)
	at org.apache.spark.network.util.JavaUtils.deleteRecursively(JavaUtils.java:91)
	at org.apache.spark.util.Utils$.deleteRecursively(Utils.scala:1062)
	at org.apache.spark.SparkEnv.stop(SparkEnv.scala:103)
	at org.apache.spark.SparkContext$$anonfun$stop$11.apply$mcV$sp(SparkContext.scala:1974)
	at org.apache.spark.util.Utils$.tryLogNonFatalError(Utils.scala:1340)
	at org.apache.spark.SparkContext.stop(SparkContext.scala:1973)
	at org.apache.spark.SparkContext$$anonfun$2.apply$mcV$sp(SparkContext.scala:575)
	at org.apache.spark.util.SparkShutdownHook.run(ShutdownHookManager.scala:216)
	at org.apache.spark.util.SparkShutdownHookManager$$anonfun$runAll$1$$anonfun$apply$mcV$sp$1.apply$mcV$sp(ShutdownHookManager.scala:188)
	at org.apache.spark.util.SparkShutdownHookManager$$anonfun$runAll$1$$anonfun$apply$mcV$sp$1.apply(ShutdownHookManager.scala:188)
	at org.apache.spark.util.SparkShutdownHookManager$$anonfun$runAll$1$$anonfun$apply$mcV$sp$1.apply(ShutdownHookManager.scala:188)
	at org.apache.spark.util.Utils$.logUncaughtExceptions(Utils.scala:1945)
	at org.apache.spark.util.SparkShutdownHookManager$$anonfun$runAll$1.apply$mcV$sp(ShutdownHookManager.scala:188)
	at org.apache.spark.util.SparkShutdownHookManager$$anonfun$runAll$1.apply(ShutdownHookManager.scala:188)
	at org.apache.spark.util.SparkShutdownHookManager$$anonfun$runAll$1.apply(ShutdownHookManager.scala:188)
	at scala.util.Try$.apply(Try.scala:192)
	at org.apache.spark.util.SparkShutdownHookManager.runAll(ShutdownHookManager.scala:188)
	at org.apache.spark.util.SparkShutdownHookManager$$anon$2.run(ShutdownHookManager.scala:178)
	at org.apache.hadoop.util.ShutdownHookManager$1.run(ShutdownHookManager.java:54)
22/03/15 13:56:56 INFO SparkContext: Successfully stopped SparkContext
22/03/15 13:56:56 INFO ShutdownHookManager: Shutdown hook called
22/03/15 13:56:56 INFO ShutdownHookManager: Deleting directory C:\Users\Jonny\AppData\Local\Temp\spark-a7fc64fb-89a8-4286-84aa-d0dce3d27db9
22/03/15 13:56:56 INFO ShutdownHookManager: Deleting directory C:\Users\Jonny\AppData\Local\spark\spark-2.4.5-bin-hadoop2.7\tmp\local\spark-cb07bf21-daeb-4217-ac71-7e6360a67dac\userFiles-a0029751-3e5b-4f5c-9c0a-a69cf43e91e7
22/03/15 13:56:56 ERROR ShutdownHookManager: Exception while deleting Spark temp dir: C:\Users\Jonny\AppData\Local\spark\spark-2.4.5-bin-hadoop2.7\tmp\local\spark-cb07bf21-daeb-4217-ac71-7e6360a67dac\userFiles-a0029751-3e5b-4f5c-9c0a-a69cf43e91e7
java.io.IOException: Failed to delete: C:\Users\Jonny\AppData\Local\spark\spark-2.4.5-bin-hadoop2.7\tmp\local\spark-cb07bf21-daeb-4217-ac71-7e6360a67dac\userFiles-a0029751-3e5b-4f5c-9c0a-a69cf43e91e7\sparklyr-2.4-2.11.jar
	at org.apache.spark.network.util.JavaUtils.deleteRecursivelyUsingJavaIO(JavaUtils.java:144)
	at org.apache.spark.network.util.JavaUtils.deleteRecursively(JavaUtils.java:118)
	at org.apache.spark.network.util.JavaUtils.deleteRecursivelyUsingJavaIO(JavaUtils.java:128)
	at org.apache.spark.network.util.JavaUtils.deleteRecursively(JavaUtils.java:118)
	at org.apache.spark.network.util.JavaUtils.deleteRecursively(JavaUtils.java:91)
	at org.apache.spark.util.Utils$.deleteRecursively(Utils.scala:1062)
	at org.apache.spark.util.ShutdownHookManager$$anonfun$1$$anonfun$apply$mcV$sp$3.apply(ShutdownHookManager.scala:65)
	at org.apache.spark.util.ShutdownHookManager$$anonfun$1$$anonfun$apply$mcV$sp$3.apply(ShutdownHookManager.scala:62)
	at scala.collection.IndexedSeqOptimized$class.foreach(IndexedSeqOptimized.scala:33)
	at scala.collection.mutable.ArrayOps$ofRef.foreach(ArrayOps.scala:186)
	at org.apache.spark.util.ShutdownHookManager$$anonfun$1.apply$mcV$sp(ShutdownHookManager.scala:62)
	at org.apache.spark.util.SparkShutdownHook.run(ShutdownHookManager.scala:216)
	at org.apache.spark.util.SparkShutdownHookManager$$anonfun$runAll$1$$anonfun$apply$mcV$sp$1.apply$mcV$sp(ShutdownHookManager.scala:188)
	at org.apache.spark.util.SparkShutdownHookManager$$anonfun$runAll$1$$anonfun$apply$mcV$sp$1.apply(ShutdownHookManager.scala:188)
	at org.apache.spark.util.SparkShutdownHookManager$$anonfun$runAll$1$$anonfun$apply$mcV$sp$1.apply(ShutdownHookManager.scala:188)
	at org.apache.spark.util.Utils$.logUncaughtExceptions(Utils.scala:1945)
	at org.apache.spark.util.SparkShutdownHookManager$$anonfun$runAll$1.apply$mcV$sp(ShutdownHookManager.scala:188)
	at org.apache.spark.util.SparkShutdownHookManager$$anonfun$runAll$1.apply(ShutdownHookManager.scala:188)
	at org.apache.spark.util.SparkShutdownHookManager$$anonfun$runAll$1.apply(ShutdownHookManager.scala:188)
	at scala.util.Try$.apply(Try.scala:192)
	at org.apache.spark.util.SparkShutdownHookManager.runAll(ShutdownHookManager.scala:188)
	at org.apache.spark.util.SparkShutdownHookManager$$anon$2.run(ShutdownHookManager.scala:178)
	at org.apache.hadoop.util.ShutdownHookManager$1.run(ShutdownHookManager.java:54)
22/03/15 13:56:56 INFO ShutdownHookManager: Deleting directory C:\Users\Jonny\AppData\Local\spark\spark-2.4.5-bin-hadoop2.7\tmp\local\spark-cb07bf21-daeb-4217-ac71-7e6360a67dac
22/03/15 13:56:56 ERROR ShutdownHookManager: Exception while deleting Spark temp dir: C:\Users\Jonny\AppData\Local\spark\spark-2.4.5-bin-hadoop2.7\tmp\local\spark-cb07bf21-daeb-4217-ac71-7e6360a67dac
java.io.IOException: Failed to delete: C:\Users\Jonny\AppData\Local\spark\spark-2.4.5-bin-hadoop2.7\tmp\local\spark-cb07bf21-daeb-4217-ac71-7e6360a67dac\userFiles-a0029751-3e5b-4f5c-9c0a-a69cf43e91e7\sparklyr-2.4-2.11.jar
	at org.apache.spark.network.util.JavaUtils.deleteRecursivelyUsingJavaIO(JavaUtils.java:144)
	at org.apache.spark.network.util.JavaUtils.deleteRecursively(JavaUtils.java:118)
	at org.apache.spark.network.util.JavaUtils.deleteRecursivelyUsingJavaIO(JavaUtils.java:128)
	at org.apache.spark.network.util.JavaUtils.deleteRecursively(JavaUtils.java:118)
	at org.apache.spark.network.util.JavaUtils.deleteRecursivelyUsingJavaIO(JavaUtils.java:128)
	at org.apache.spark.network.util.JavaUtils.deleteRecursively(JavaUtils.java:118)
	at org.apache.spark.network.util.JavaUtils.deleteRecursively(JavaUtils.java:91)
	at org.apache.spark.util.Utils$.deleteRecursively(Utils.scala:1062)
	at org.apache.spark.util.ShutdownHookManager$$anonfun$1$$anonfun$apply$mcV$sp$3.apply(ShutdownHookManager.scala:65)
	at org.apache.spark.util.ShutdownHookManager$$anonfun$1$$anonfun$apply$mcV$sp$3.apply(ShutdownHookManager.scala:62)
	at scala.collection.IndexedSeqOptimized$class.foreach(IndexedSeqOptimized.scala:33)
	at scala.collection.mutable.ArrayOps$ofRef.foreach(ArrayOps.scala:186)
	at org.apache.spark.util.ShutdownHookManager$$anonfun$1.apply$mcV$sp(ShutdownHookManager.scala:62)
	at org.apache.spark.util.SparkShutdownHook.run(ShutdownHookManager.scala:216)
	at org.apache.spark.util.SparkShutdownHookManager$$anonfun$runAll$1$$anonfun$apply$mcV$sp$1.apply$mcV$sp(ShutdownHookManager.scala:188)
	at org.apache.spark.util.SparkShutdownHookManager$$anonfun$runAll$1$$anonfun$apply$mcV$sp$1.apply(ShutdownHookManager.scala:188)
	at org.apache.spark.util.SparkShutdownHookManager$$anonfun$runAll$1$$anonfun$apply$mcV$sp$1.apply(ShutdownHookManager.scala:188)
	at org.apache.spark.util.Utils$.logUncaughtExceptions(Utils.scala:1945)
	at org.apache.spark.util.SparkShutdownHookManager$$anonfun$runAll$1.apply$mcV$sp(ShutdownHookManager.scala:188)
	at org.apache.spark.util.SparkShutdownHookManager$$anonfun$runAll$1.apply(ShutdownHookManager.scala:188)
	at org.apache.spark.util.SparkShutdownHookManager$$anonfun$runAll$1.apply(ShutdownHookManager.scala:188)
	at scala.util.Try$.apply(Try.scala:192)
	at org.apache.spark.util.SparkShutdownHookManager.runAll(ShutdownHookManager.scala:188)
	at org.apache.spark.util.SparkShutdownHookManager$$anon$2.run(ShutdownHookManager.scala:178)
	at org.apache.hadoop.util.ShutdownHookManager$1.run(ShutdownHookManager.java:54)
